## xeCompile starts at 11/01/2024 12:24:29, PID: 8644
XLMHOME=/grid/avs/install/xcelium/2303/23.03.001
MANPATH=/icd/flow/INNOVUS/INNOVUS241/24.90-d009_1/lnx86/share/innovus/man:/usr/share/man
BLT_LIBRARY=/lan/cva_rel/23h1_wxe/23.03.131.s001/tools.lnx86/etc/ui/blt
XDG_SESSION_ID=23256
TERM_PROGRAM=vscode
ARMFM_PORTFOLIO_ROOT=/grid/avs/pkgs/arm-sg/11.17/FastModelsPortfolio_11.17/
SSL_CERT_FILE=/etc/pki/ca-trust/extracted/pem/tls-ca-bundle.pem
S3_ROOT=/lan/cva_rel/23h1_wxe/23.03.131.s001/tools.lnx86/bin/64bit
DV_ROOT=/home/simonett/Documents/Coursework/Project-Zipline/emulation/work/../../dv
HOST=sjcvl-simonett
TERM=xterm-256color
SHELL=/bin/csh
MAKEFLAGS=
GENUSHOME=/icd/flow/GENUS/GENUS221/22.99-d340_1
AXIS_HOME=/lan/cva_rel/23h1_ixcom/23.03.131.s001/tools.lnx86
SSH_CLIENT=10.202.44.93 56759 22
AEWARE_SCRIPT=/home/jerson/cake_goodies/sep20
PERL5LIB=/home/simonett/perl5/lib/perl5
QTHOME=/lan/cva_rel/23h1_wxe/23.03.131.s001/tools.lnx86
TERM_PROGRAM_VERSION=1.91.1
TIX_LIBRARY=/lan/cva_rel/23h1_wxe/23.03.131.s001/tools.lnx86/etc/ui/tix
TK_LIBRARY=/lan/cva_rel/23h1_wxe/23.03.131.s001/tools.lnx86/etc/ui/tk
XE_BOARDS=108
USERPATH=/grid/avs/install/xcelium/2303/23.03.001/tools/systemc/gcc/9.3/bin/:/grid/avs/install/xcelium/2303/23.03.001/tools/bin:/home/vpxDaily/dailyRelease/lec.22.20-d136/bin:/icd/flow/GENUS/GENUS221/22.99-d340_1/tools.lnx86/synth/bin:/icd/flow/GENUS/GENUS221/22.99-d340_1/tools.lnx86/bin:/home/jerson/cake_goodies/sep20:/lan/cva_rel/helium21h2/21.10.s001/tools.lnx86/bin/64bit/:/lan/cva_rel/helium21h2/21.10.s001/tools/bin:/grid/avs/install/vmanager/2203/22.03.001/bin/:/grid/avs/install/xcelium/2303/23.03.001/tools/systemc/gcc/9.3/bin/:/grid/avs/install/xcelium/2303/23.03.001/tools/bin/64bit:/lan/cva_rel/23h1_ixcom/23.03.131.s001/bin:/lan/cva_rel/23h1_wxe/23.03.131.s001/tools.lnx86/bin:/lan/cva_rel/23h1_ixcom/23.03.131.s001/bin:/lan/cva_rel/23h1_wxe/23.03.131.s001/tools.lnx86/bin:/home/simonett/bin:/grid/avs/install/vmanager/MAIN/latest/bin:/grid/avs/install/verisium_debug/MAIN2403/latest//tools/bin:/grid/avs/install/verisium_debug/MAIN2403/latest//bin:/home/simonett/bin:/grid/sfi/farm/bin:/grid/common/pkgsData/firefox-v72.0.1/Linux/RHEL6.0-2013-x86_64/:/icd/flow/INNOVUS/INNOVUS241/24.90-d009_1/lnx86/bin:/usr/lib64/qt-3.3/bin:/home/ibarry/perl5/bin:/usr/local/bin:/usr/bin:/usr/local/sbin:/usr/sbin:/opt/puppetlabs/bin
QTDIR=/usr/lib64/qt-3.3
QTINC=/usr/lib64/qt-3.3/include
PERL_MB_OPT=--install_base /home/simonett/perl5
UVMHOME=/grid/avs/install/xcelium/2303/23.03.001/tools/methodology/UVM/CDNS-1.1d
QT_GRAPHICSSYSTEM_CHECKED=1
GROUP=cadence1
USER=simonett
LD_LIBRARY_PATH=/lan/cva_rel/23h1_wxe/23.03.131.s001/tools.lnx86/lib/64bit:/lan/cva_rel/23h1_ixcom/23.03.131.s001/tools.lnx86/lib/64bit:/lan/cva_rel/23h1_ixcom/23.03.131.s001/tools.lnx86/lib/64bit:/usr/lib64:/grid/avs/install/xcelium/2303/23.03.001/tools/systemc/gcc/9.3/install/lib:/grid/avs/install/xcelium/2303/23.03.001/tools/inca/lib:/grid/avs/install/xcelium/2303/23.03.001/tools/lib:/home/vpxDaily/dailyRelease/lec.22.20-d136/tools.lnx86/lib/64bit:/icd/flow/GENUS/GENUS221/22.99-d340_1/lib:/lib64:/lib:/lan/cva_rel/helium21h2/21.10.s001/tools.lnx86/lib:/grid/avs/install/vmanager/2203/22.03.001/tool.lnx86/lib:/grid/avs/install/xcelium/2303/23.03.001/tools/systemc/gcc/9.3/install/lib:/grid/avs/install/xcelium/2303/23.03.001/tools/inca/lib:/grid/avs/install/xcelium/2303/23.03.001/tools/lib:/lan/cva_rel/23h1_ixcom/23.03.131.s001/lib/64bit:/lan/cva_rel/23h1_ixcom/23.03.131.s001/tools.lnx86/lib/64bit:/lan/cva_rel/23h1_wxe/23.03.131.s001/tools.lnx86/lib/64bit:
LS_COLORS=rs=0:di=38;5;27:ln=38;5;51:mh=44;38;5;15:pi=40;38;5;11:so=38;5;13:do=38;5;5:bd=48;5;232;38;5;11:cd=48;5;232;38;5;3:or=48;5;232;38;5;9:mi=05;48;5;232;38;5;15:su=48;5;196;38;5;15:sg=48;5;11;38;5;16:ca=48;5;196;38;5;226:tw=48;5;10;38;5;16:ow=48;5;10;38;5;21:st=48;5;21;38;5;15:ex=38;5;34:*.tar=38;5;9:*.tgz=38;5;9:*.arc=38;5;9:*.arj=38;5;9:*.taz=38;5;9:*.lha=38;5;9:*.lz4=38;5;9:*.lzh=38;5;9:*.lzma=38;5;9:*.tlz=38;5;9:*.txz=38;5;9:*.tzo=38;5;9:*.t7z=38;5;9:*.zip=38;5;9:*.z=38;5;9:*.Z=38;5;9:*.dz=38;5;9:*.gz=38;5;9:*.lrz=38;5;9:*.lz=38;5;9:*.lzo=38;5;9:*.xz=38;5;9:*.bz2=38;5;9:*.bz=38;5;9:*.tbz=38;5;9:*.tbz2=38;5;9:*.tz=38;5;9:*.deb=38;5;9:*.rpm=38;5;9:*.jar=38;5;9:*.war=38;5;9:*.ear=38;5;9:*.sar=38;5;9:*.rar=38;5;9:*.alz=38;5;9:*.ace=38;5;9:*.zoo=38;5;9:*.cpio=38;5;9:*.7z=38;5;9:*.rz=38;5;9:*.cab=38;5;9:*.jpg=38;5;13:*.jpeg=38;5;13:*.gif=38;5;13:*.bmp=38;5;13:*.pbm=38;5;13:*.pgm=38;5;13:*.ppm=38;5;13:*.tga=38;5;13:*.xbm=38;5;13:*.xpm=38;5;13:*.tif=38;5;13:*.tiff=38;5;13:*.png=38;5;13:*.svg=38;5;13:*.svgz=38;5;13:*.mng=38;5;13:*.pcx=38;5;13:*.mov=38;5;13:*.mpg=38;5;13:*.mpeg=38;5;13:*.m2v=38;5;13:*.mkv=38;5;13:*.webm=38;5;13:*.ogm=38;5;13:*.mp4=38;5;13:*.m4v=38;5;13:*.mp4v=38;5;13:*.vob=38;5;13:*.qt=38;5;13:*.nuv=38;5;13:*.wmv=38;5;13:*.asf=38;5;13:*.rm=38;5;13:*.rmvb=38;5;13:*.flc=38;5;13:*.avi=38;5;13:*.fli=38;5;13:*.flv=38;5;13:*.gl=38;5;13:*.dl=38;5;13:*.xcf=38;5;13:*.xwd=38;5;13:*.yuv=38;5;13:*.cgm=38;5;13:*.emf=38;5;13:*.axv=38;5;13:*.anx=38;5;13:*.ogv=38;5;13:*.ogx=38;5;13:*.aac=38;5;45:*.au=38;5;45:*.flac=38;5;45:*.mid=38;5;45:*.midi=38;5;45:*.mka=38;5;45:*.mp3=38;5;45:*.mpc=38;5;45:*.ogg=38;5;45:*.ra=38;5;45:*.wav=38;5;45:*.axa=38;5;45:*.oga=38;5;45:*.spx=38;5;45:*.xspf=38;5;45:
XEHOME=/lan/cva_rel/23h1_wxe/23.03.131.s001
TCL_LIBRARY=/lan/cva_rel/23h1_wxe/23.03.131.s001/tools.lnx86/etc/qel
RTL_ROOT=/home/simonett/Documents/Coursework/Project-Zipline/emulation/work/../../rtl
HOSTTYPE=x86_64-linux
IXCOMHOME=/lan/cva_rel/23h1_ixcom/23.03.131.s001
MAKELEVEL=1
OS_BITS=64bit
MFLAGS=
VMGR=/grid/avs/install/vmanager/2203/22.03.001
GENUS_HOME=/icd/flow/GENUS/GENUS221/22.99-d340_1
AVIP_ROOT=/grid/cva/p4_06/avip/pdapp2404/24.04.002.s002/vp_09_10_2024_pdapp_release/rhel7_gcc93_abi1/packages
MAIL=/var/spool/mail/simonett
PATH=/lan/cva_rel/23h1_wxe/23.03.131.s001/tools.lnx86/../bin:/lan/cva_rel/23h1_wxe/23.03.131.s001/tools.lnx86/bin:/grid/avs/install/xcelium/2303/23.03.001/tools/systemc/gcc/9.3/bin/:/grid/avs/install/xcelium/2303/23.03.001/tools/bin:/home/vpxDaily/dailyRelease/lec.22.20-d136/bin:/icd/flow/GENUS/GENUS221/22.99-d340_1/tools.lnx86/synth/bin:/icd/flow/GENUS/GENUS221/22.99-d340_1/tools.lnx86/bin:/home/jerson/cake_goodies/sep20:/lan/cva_rel/helium21h2/21.10.s001/tools.lnx86/bin/64bit/:/lan/cva_rel/helium21h2/21.10.s001/tools/bin:/grid/avs/install/vmanager/2203/22.03.001/bin/:/grid/avs/install/xcelium/2303/23.03.001/tools/bin/64bit:/lan/cva_rel/23h1_ixcom/23.03.131.s001/bin:/home/simonett/bin:/grid/avs/install/vmanager/MAIN/latest/bin:/grid/avs/install/verisium_debug/MAIN2403/latest//tools/bin:/grid/avs/install/verisium_debug/MAIN2403/latest//bin:/grid/sfi/farm/bin:/grid/common/pkgsData/firefox-v72.0.1/Linux/RHEL6.0-2013-x86_64/:/icd/flow/INNOVUS/INNOVUS241/24.90-d009_1/lnx86/bin:/usr/lib64/qt-3.3/bin:/home/ibarry/perl5/bin:/usr/local/bin:/usr/bin:/usr/local/sbin:/usr/sbin:/opt/puppetlabs/bin:/bin:/sbin
HDLICE_HOME=/lan/cva_rel/23h1_ixcom/23.03.131.s001/tools.lnx86
XE_HARDWARE=z2
PWD=/home/simonett/Documents/Coursework/Project-Zipline/emulation/work/PARTITIONS/1
LANG=C
VERISIUM_DEBUG_ROOT=/grid/avs/install/verisium_debug/AGILE/latest/
KDEDIRS=/usr
XELOG_ACTIVE=1245
VSCODE_GIT_ASKPASS_EXTRA_ARGS=
ARMFM_TOOLS_ROOT=/grid/avs/pkgs/arm-sg/11.17/FastModelsTools_11.17/
SVLINT_CONFIG=/home/simonett/.svlint.toml
DBOUT=./dbFiles
LM_LICENSE_FILE=5280@sjflex1:5280@sjflex2:5280@sjflex3
SSL_CERT_DIR=/etc/pki/tls/certs
QTHDLHOME=/lan/cva_rel/23h1_ixcom/23.03.131.s001/tools.lnx86
PERL_HOMEDIR=1
IXCOM_HOME=/lan/cva_rel/23h1_ixcom/23.03.131.s001
SHLVL=8
HOME=/home/simonett
heliumroot=/lan/cva_rel/helium21h2/21.10.s001
OSTYPE=linux
XE_HOST=hsv-smd414
VSCODE_GIT_ASKPASS_MAIN=/home/simonett/.vscode-server/cli/servers/Stable-f1e16e1e6214d7c44d078b1f0607b2388f29d729/server/extensions/git/dist/askpass-main.js
LDVHOME=/grid/avs/install/xcelium/2303/23.03.001
CvAlEgAlRoOt=1245
XE_ROOT=/lan/cva_rel/23h1_wxe/23.03.131.s001
PERL_LOCAL_LIB_ROOT=/home/simonett/perl5
VENDOR=unknown
LEC_HOME=/home/vpxDaily/dailyRelease/lec.22.20-d136
USERLIBPATH=/grid/avs/install/xcelium/2303/23.03.001/tools/systemc/gcc/9.3/install/lib:/grid/avs/install/xcelium/2303/23.03.001/tools/inca/lib:/grid/avs/install/xcelium/2303/23.03.001/tools/lib:/home/vpxDaily/dailyRelease/lec.22.20-d136/tools.lnx86/lib/64bit:/icd/flow/GENUS/GENUS221/22.99-d340_1/lib:/lib64:/lib:/lan/cva_rel/helium21h2/21.10.s001/tools.lnx86/lib:/grid/avs/install/vmanager/2203/22.03.001/tool.lnx86/lib:/grid/avs/install/xcelium/2303/23.03.001/tools/systemc/gcc/9.3/install/lib:/grid/avs/install/xcelium/2303/23.03.001/tools/inca/lib:/grid/avs/install/xcelium/2303/23.03.001/tools/lib:/lan/cva_rel/23h1_ixcom/23.03.131.s001/lib/64bit:/lan/cva_rel/23h1_ixcom/23.03.131.s001/tools.lnx86/lib/64bit:/lan/cva_rel/23h1_wxe/23.03.131.s001/tools.lnx86/lib/64bit:
VPAPP_HOME=/grid/cva/p4_06/avip/pdapp2404/24.04.002.s002/vp_09_10_2024_pdapp_release/rhel7_gcc93_abi1
LOGNAME=simonett
MACHTYPE=x86_64
CVS_RSH=ssh
QTLIB=/usr/lib64/qt-3.3/lib
VSCODE_GIT_IPC_HANDLE=/run/user/288910/vscode-git-afcaaaf946.sock
SSH_CONNECTION=10.202.44.93 56759 10.207.85.195 22
AXIS_ARCH=lib/x86-lx2-64
CDS_LIC_FILE=5280@sjflex1:5280@sjflex2:5280@sjflex3:/lan/cva_rel/23h1_ixcom/23.03.131.s001/tools.lnx86/licenses/license.dat:/lan/cva_rel/23h1_wxe/23.03.131.s001/tools.lnx86/licenses/license.dat:/lan/cva_rel/23h1_wxe/23.03.131.s001/tools.lnx86/licenses/license.dat
VSCODE_IPC_HOOK_CLI=/run/user/288910/vscode-ipc-600713bc-4f68-4ebe-b7b7-31b7e3392253.sock
DBIN=.:/lan/cva_rel/23h1_wxe/23.03.131.s001/tools.lnx86/lib/64bit:/lan/cva_rel/23h1_wxe/23.03.131.s001/tools.lnx86/bin:/lan/cva_rel/23h1_wxe/23.03.131.s001/tools.lnx86/bin/64bit:./64bit:./dbFiles:/lan/cva_rel/23h1_wxe/23.03.131.s001/tools.lnx86/etc/et3:/lan/cva_rel/23h1_wxe/23.03.131.s001/tools.lnx86/bin/x86-lx2-64:/et3mach
LESSOPEN=||/usr/bin/lesspipe.sh %s
BROWSER=/home/simonett/.vscode-server/cli/servers/Stable-f1e16e1e6214d7c44d078b1f0607b2388f29d729/server/bin/helpers/browser.sh
WXE_HOME=/lan/cva_rel/23h1_wxe/23.03.131.s001
GIT_ASKPASS=/home/simonett/.vscode-server/cli/servers/Stable-f1e16e1e6214d7c44d078b1f0607b2388f29d729/server/extensions/git/dist/askpass.sh
VSCODE_GIT_ASKPASS_NODE=/home/simonett/.vscode-server/cli/servers/Stable-f1e16e1e6214d7c44d078b1f0607b2388f29d729/server/node
XDG_RUNTIME_DIR=/run/user/288910
QT_PLUGIN_PATH=/usr/lib64/kde4/plugins:/usr/lib/kde4/plugins
PERL_MM_OPT=INSTALL_BASE=/home/simonett/perl5
COLORTERM=truecolor
QTLOG_FILE=xe.msg

