
## xeCompile starts at 11/01/2024 12:24:29 simonett V23.03.131.s001, HOST: sjcvl-simonett, PID: 8644, DISPLAY: none
xeCompile compilePPC.qel
## 64bit program from /lan/cva_rel/23h1_wxe/23.03.131.s001/tools.lnx86/bin on Linux 3.10.0-1160.2.2.el7.x86_64 64bit
(c) 1991-2021 Cadence Design Systems, Inc. All rights reserved worldwide.
See files in <rootdir>/share/vxe/install/Copyrights
#)libhdl.so - 23H1_WXE, V23.03.131.s001            
#)libhdlmap.so - 23H1_WXE, V23.03.131.s001            
#)libimp.so - 23H1_WXE, V23.03.131.s001            
#)libdataStruct.so - 23H1_WXE, V23.03.131.s001            
#)libudq.so - 23H1_WXE, V23.03.131.s001            
#)libudqr.so - 23H1_WXE, V23.03.131.s001            
#)liboptutil.so - 23H1_WXE, V23.03.131.s001            
#)libpich.so - 23H1_WXE, V23.03.131.s001            
#)libtich.so - 23H1_WXE, V23.03.131.s001            
#)libdb.so - 23H1_WXE, V23.03.131.s001            
#)libsmDB.so - 23H1_WXE, V23.03.131.s001            
#)libtypedb.so - 23H1_WXE, V23.03.131.s001            
#)libudqr.so - 23H1_WXE, V23.03.131.s001            
#)libhdldb.so - 23H1_WXE, V23.03.131.s001            
#)libhdlucdb.so - 23H1_WXE, V23.03.131.s001            
#)libcmp.so - 23H1_WXE, V23.03.131.s001            
#)libddb.so - 23H1_WXE, V23.03.131.s001            
#)libudp.so - 23H1_WXE, V23.03.131.s001            
#)libPDBCommands.so - 23H1_WXE, V23.03.131.s001            
#)libhwConfig.so - 23H1_WXE, V23.03.131.s001            
#)libCompilerRT.so - 23H1_WXE, V23.03.131.s001            
#)libclkBDD.so - 23H1_WXE, V23.03.131.s001            
#)libsdltm.so - 23H1_WXE, V23.03.131.s001            
#)libet3compile.so - 23H1_WXE, V23.03.131.s001            
#)libdb2util.so - 23H1_WXE, V23.03.131.s001            
#)liboptutil.so - 23H1_WXE, V23.03.131.s001            
#)libdb3.so - 23H1_WXE, V23.03.131.s001            
#)libet3wrapper.so - 23H1_WXE, V23.03.131.s001            
#)libsideFile.so - 23H1_WXE, V23.03.131.s001            
#)libdbgPrepare.so - 23H1_WXE, V23.03.131.s001            
#)libucdbwrt.so - 23H1_WXE, V23.03.131.s001            
#)libucdb_sh.so - 23H1_WXE, V23.03.131.s001            
#)libradb.so - 23H1_WXE, V23.03.131.s001            
#)libeclutil.so - 23H1_WXE, V23.03.131.s001            
#)libqtutil.so - 23H1_WXE, V23.03.131.s001            
#)libdbgutil.so - 23H1_WXE, V23.03.131.s001            
#)libuxeenglic.so - 23H1_WXE, V23.03.131.s001            
#)libjsoncpp.so - 23H1_WXE, V23.03.131.s001            
#)libgenlics.a - 23H1_WXE, V23.03.131.s001            
#)libtcl.so - 23H1_WXE, V23.03.131.s001            
#)libtk.so - 23H1_WXE, V23.03.131.s001            
#)libtkdnd.so - 23H1_WXE, V23.03.131.s001            
#)libtix.so - 23H1_WXE, V23.03.131.s001            
#)libqt.so - 23H1_WXE, V23.03.131.s001            
#)libqtutil.so - 23H1_WXE, V23.03.131.s001            
#)libsd.so - 23H1_WXE, V23.03.131.s001            

## oomr starts at 11/01/2024 12:24:30 simonett V23.03.131.s001, HOST: sjcvl-simonett, PID: 8834, DISPLAY: none
oomr hdldb xcva_top
## 64bit program from /lan/cva_rel/23h1_wxe/23.03.131.s001/tools.lnx86/bin on Linux 3.10.0-1160.2.2.el7.x86_64 64bit
(c) 1991-2021 Cadence Design Systems, Inc. All rights reserved worldwide.
See files in <rootdir>/share/vxe/install/Copyrights
#)libimport.so - 23H1_WXE, V23.03.131.s001            
#)libmcp.so - 23H1_WXE, V23.03.131.s001            
#)libdataStruct.so - 23H1_WXE, V23.03.131.s001            
#)libdb.so - 23H1_WXE, V23.03.131.s001            
#)libsmDB.so - 23H1_WXE, V23.03.131.s001            
#)libtypedb.so - 23H1_WXE, V23.03.131.s001            
#)libudqr.so - 23H1_WXE, V23.03.131.s001            
#)libhdldb.so - 23H1_WXE, V23.03.131.s001            
#)libhdlucdb.so - 23H1_WXE, V23.03.131.s001            
#)libhdlmap.so - 23H1_WXE, V23.03.131.s001            
#)libdb.so - 23H1_WXE, V23.03.131.s001            
#)libtcl.so - 23H1_WXE, V23.03.131.s001            
#)libqfsutil.so - 23H1_WXE, V23.03.131.s001            
#)libqfs.so - 23H1_WXE, V23.03.131.s001            
#)libnativeutils.so - 23H1_WXE, V23.03.131.s001            
#)libqt.so - 23H1_WXE, V23.03.131.s001            
#)libqtutil.so - 23H1_WXE, V23.03.131.s001            
#)libsd.so - 23H1_WXE, V23.03.131.s001            
## oomr exits at 11/01/2024 12:24:30 Status: 0, PID: 8834
## oomr Elapsed time: 0:00:00, CPU time: 0:00:00.00, Memory Usage: 0.8G
## Child Proc. CPU time: 0:00:00.26

## et3compile starts at 11/01/2024 12:24:30 simonett V23.03.131.s001, HOST: sjcvl-simonett, PID: 8644, DISPLAY: none
et3compile xcva_top -seed 32717173 -mode ice
## et3compile exits at 11/01/2024 12:24:43 Status: 0, PID: 8644
## et3compile Elapsed time: 0:00:13, CPU time: 0:00:28.21, Memory Usage: 2.8G
## xeCompile exits at 11/01/2024 12:24:43 Status: 0, PID: 8644
## xeCompile Elapsed time: 0:00:14, CPU time: 0:00:28.35, Memory Usage: 2.8G
## Child Proc. CPU time: 0:00:00.73
