Log started on host: hsv-sc21 pid: 105120 at: Wed Aug 14 14:15:53 2024

libxcrt IXCOM, V23.03.131.s001             (compiled with XCELIUM-22.09-s001, loaded with  XCELIUM-23.03-s001)

INFO: target platform:Z2, execution platform:Z2
--- xc status: @ simTime=0 FS, IN SOFTWARE MODE going to be IN RUN MODE, xt0, zt0.
--- xc status: @ simTime=0 FS, IN RUN MODE, xt0, zt0.
--- xc status: @ simTime=339815 NS (End-Of-Simulation), IN RUN MODE, xt0, zt0.

=========================================================================
IXCOM Performance and Design Profile
-------------------------------------------------------------------------
--- Maximum HW operating speed (compiler fclk freq): 3342.00 KHz
--- HW executed total fclk cycles  (     5757224 ) : time = 1.72 sec, (cfclks/fclks: 4.05%)
--- Clocking Mode: Default (2X).

--- HW execution command line session time: 1.90 sec (1.64 CPU sec)

--- HW execution wall clock time          : 1.76 sec (1.64 CPU sec)
--- HW execution emulator busy time       : 0.07 sec (3.96%)

--- Simulation acceleration speed achieved: 38.57 KHz (38573.50 evals/sec)

--- HW executed
    --     233235 ECM controlled fclk cycles      @ 132.38 KHz (132376.30 cfclks/sec)
    --      67963 Eval (or sim-timestep) cycles   @ 38.57 KHz (38573.50 evals/sec)

       --       9781 Extended-eval cycles         : 0.00 sec (0.17% total)

--- Total number of HW-SW Synchronizations(tbSyncs) : 77744 (0.87 evals/tbSync)
    |-- Synchronizations due to tbcalls(tbcallSyncs): 0


--- xc Profile: (%)
	    79.55      HW-EMU-RUN (Elapsed: 1.40 sec)

	    12.49          SW-SIM (Elapsed: 0.22 sec)

	     7.97         XCRT-OH (Elapsed: 0.14 sec)


	--- HW-EMU     : HW evaluations and Synchronization Latency.
	--- SW-SIM     : TB and TBCall execution in sw simulator.
	--- XCRT-OH    : IXCOM runtime overhead.


--- Primary Inputs  (bits): INPUT(140) FORCE(0)DEPOSIT(2 :dut=2 + dpi=0 + ixcom=0).
--- Primary Outputs (bits): OUTPUT(188 :dut=122  dpi=65 + ixcom=1).
=========================================================================

=========================================================================
	Output event statistics: 145018 output events
-------------------------------------------------------------------------
     Count Name
-------------------------------------------------------------------------
     67962 kme_tb.kme_dut.clk
     67962 kme_tb.kme_dut.new_clk
      6516 kme_tb.kme_dut.apb_pready
      2566 kme_tb.kme_dut.apb_prdata
         4 kme_tb.kme_dut.kme_cceip0_ob_tvalid
         3 kme_tb.kme_dut.kme_cceip0_ob_tuser
         3 kme_tb.kme_dut.kme_cceip0_ob_tdata
         1 kme_tb.kme_dut.kme_cceip0_ob_tlast
         1 kme_tb.kme_dut.kme_cceip0_ob_tstrb
=========================================================================


=========================================================================
	Input event statistics: 75495 Input events
-------------------------------------------------------------------------
     Count Name
-------------------------------------------------------------------------
      6517 kme_tb.kme_dut.apb_psel
      6517 kme_tb.kme_dut.apb_penable
      6237 kme_tb.kme_dut.apb_paddr(8)
      6205 kme_tb.kme_dut.apb_paddr(7)
      5795 kme_tb.kme_dut.apb_paddr(4)
      3941 kme_tb.kme_dut.apb_pwrite
      3831 kme_tb.kme_dut.apb_paddr(3)
      3331 kme_tb.kme_dut.apb_paddr(2)
      3023 kme_tb.kme_dut.apb_paddr(5)
      1851 kme_tb.kme_dut.apb_pwdata(29)
      1669 kme_tb.kme_dut.apb_pwdata(9)
      1559 kme_tb.kme_dut.apb_pwdata(3)
      1553 kme_tb.kme_dut.apb_pwdata(1)
      1449 kme_tb.kme_dut.apb_pwdata(2)
      1381 kme_tb.kme_dut.apb_pwdata(31)
      1365 kme_tb.kme_dut.apb_pwdata(10)
      1345 kme_tb.kme_dut.apb_pwdata(11)
      1305 kme_tb.kme_dut.apb_pwdata(4)
      1269 kme_tb.kme_dut.apb_pwdata(8)
      1235 kme_tb.kme_dut.apb_pwdata(7)
      1223 kme_tb.kme_dut.apb_pwdata(6)
      1127 kme_tb.kme_dut.apb_pwdata(28)
      1117 kme_tb.kme_dut.apb_pwdata(0)
      1099 kme_tb.kme_dut.apb_pwdata(5)
      1081 kme_tb.kme_dut.apb_pwdata(13)
       913 kme_tb.kme_dut.apb_pwdata(26)
       835 kme_tb.kme_dut.apb_pwdata(12)
       617 kme_tb.kme_dut.apb_pwdata(27)
       565 kme_tb.kme_dut.apb_pwdata(25)
       553 kme_tb.kme_dut.apb_pwdata(17)
       549 kme_tb.kme_dut.apb_pwdata(30)
       539 kme_tb.kme_dut.apb_pwdata(19)
       507 kme_tb.kme_dut.apb_pwdata(14)
       361 kme_tb.kme_dut.apb_pwdata(15)
       357 kme_tb.kme_dut.apb_pwdata(18)
       341 kme_tb.kme_dut.apb_pwdata(16)
       341 kme_tb.kme_dut.apb_pwdata(21)
       339 kme_tb.kme_dut.apb_pwdata(24)
       303 kme_tb.kme_dut.apb_pwdata(22)
       301 kme_tb.kme_dut.apb_pwdata(23)
       297 kme_tb.kme_dut.apb_paddr(6)
       283 kme_tb.kme_dut.apb_pwdata(20)
       217 kme_tb.kme_dut.apb_paddr(10)
       131 kme_tb.kme_dut.apb_paddr(9)
         5 kme_tb.kme_dut.kme_ib_tuser(0)
         4 kme_tb.kme_dut.kme_ib_tuser(1)
         3 kme_tb.kme_dut.kme_ib_tvalid
         3 kme_tb.kme_dut.kme_ib_tlast
         3 kme_tb.kme_dut.kme_ib_tdata(0)
         3 kme_tb.kme_dut.kme_ib_tdata(2)
         3 kme_tb.kme_dut.kme_ib_tdata(4)
         3 kme_tb.kme_dut.kme_ib_tdata(60)
         3 kme_tb.kme_dut.kme_ib_tdata(62)
         2 kme_tb.kme_dut.kme_ib_tstrb(0)
         2 kme_tb.kme_dut.kme_ib_tstrb(1)
         2 kme_tb.kme_dut.kme_ib_tstrb(2)
         2 kme_tb.kme_dut.kme_ib_tstrb(3)
         2 kme_tb.kme_dut.kme_ib_tstrb(4)
         2 kme_tb.kme_dut.kme_ib_tstrb(5)
         2 kme_tb.kme_dut.kme_ib_tstrb(6)
         2 kme_tb.kme_dut.kme_ib_tstrb(7)
         1 kme_tb.kme_dut.rst_n
         1 kme_tb.kme_dut.kme_ib_tid
         1 kme_tb.kme_dut.kme_ib_tuser(2)
         1 kme_tb.kme_dut.kme_ib_tuser(3)
         1 kme_tb.kme_dut.kme_ib_tuser(4)
         1 kme_tb.kme_dut.kme_ib_tuser(5)
         1 kme_tb.kme_dut.kme_ib_tuser(6)
         1 kme_tb.kme_dut.kme_ib_tuser(7)
         1 kme_tb.kme_dut.kme_ib_tdata(1)
         1 kme_tb.kme_dut.kme_ib_tdata(3)
         1 kme_tb.kme_dut.kme_ib_tdata(5)
         1 kme_tb.kme_dut.kme_ib_tdata(6)
         1 kme_tb.kme_dut.kme_ib_tdata(7)
         1 kme_tb.kme_dut.kme_ib_tdata(8)
         1 kme_tb.kme_dut.kme_ib_tdata(9)
         1 kme_tb.kme_dut.kme_ib_tdata(10)
         1 kme_tb.kme_dut.kme_ib_tdata(11)
         1 kme_tb.kme_dut.kme_ib_tdata(12)
         1 kme_tb.kme_dut.kme_ib_tdata(13)
         1 kme_tb.kme_dut.kme_ib_tdata(14)
         1 kme_tb.kme_dut.kme_ib_tdata(15)
         1 kme_tb.kme_dut.kme_ib_tdata(16)
         1 kme_tb.kme_dut.kme_ib_tdata(17)
         1 kme_tb.kme_dut.kme_ib_tdata(18)
         1 kme_tb.kme_dut.kme_ib_tdata(19)
         1 kme_tb.kme_dut.kme_ib_tdata(20)
         1 kme_tb.kme_dut.kme_ib_tdata(21)
         1 kme_tb.kme_dut.kme_ib_tdata(22)
         1 kme_tb.kme_dut.kme_ib_tdata(23)
         1 kme_tb.kme_dut.kme_ib_tdata(24)
         1 kme_tb.kme_dut.kme_ib_tdata(25)
         1 kme_tb.kme_dut.kme_ib_tdata(26)
         1 kme_tb.kme_dut.kme_ib_tdata(27)
         1 kme_tb.kme_dut.kme_ib_tdata(28)
         1 kme_tb.kme_dut.kme_ib_tdata(29)
         1 kme_tb.kme_dut.kme_ib_tdata(30)
         1 kme_tb.kme_dut.kme_ib_tdata(31)
         1 kme_tb.kme_dut.kme_ib_tdata(32)
         1 kme_tb.kme_dut.kme_ib_tdata(33)
         1 kme_tb.kme_dut.kme_ib_tdata(34)
         1 kme_tb.kme_dut.kme_ib_tdata(35)
         1 kme_tb.kme_dut.kme_ib_tdata(36)
         1 kme_tb.kme_dut.kme_ib_tdata(37)
         1 kme_tb.kme_dut.kme_ib_tdata(38)
         1 kme_tb.kme_dut.kme_ib_tdata(39)
         1 kme_tb.kme_dut.kme_ib_tdata(40)
         1 kme_tb.kme_dut.kme_ib_tdata(41)
         1 kme_tb.kme_dut.kme_ib_tdata(42)
         1 kme_tb.kme_dut.kme_ib_tdata(43)
         1 kme_tb.kme_dut.kme_ib_tdata(44)
         1 kme_tb.kme_dut.kme_ib_tdata(45)
         1 kme_tb.kme_dut.kme_ib_tdata(46)
         1 kme_tb.kme_dut.kme_ib_tdata(47)
         1 kme_tb.kme_dut.kme_ib_tdata(48)
         1 kme_tb.kme_dut.kme_ib_tdata(49)
         1 kme_tb.kme_dut.kme_ib_tdata(50)
         1 kme_tb.kme_dut.kme_ib_tdata(51)
         1 kme_tb.kme_dut.kme_ib_tdata(52)
         1 kme_tb.kme_dut.kme_ib_tdata(53)
         1 kme_tb.kme_dut.kme_ib_tdata(54)
         1 kme_tb.kme_dut.kme_ib_tdata(55)
         1 kme_tb.kme_dut.kme_ib_tdata(56)
         1 kme_tb.kme_dut.kme_ib_tdata(57)
         1 kme_tb.kme_dut.kme_ib_tdata(58)
         1 kme_tb.kme_dut.kme_ib_tdata(59)
         1 kme_tb.kme_dut.kme_ib_tdata(61)
         1 kme_tb.kme_dut.kme_ib_tdata(63)
         1 kme_tb.kme_dut.kme_cceip0_ob_tready
         1 kme_tb.kme_dut.apb_paddr(0)
         1 kme_tb.kme_dut.apb_paddr(1)
         1 kme_tb.kme_dut.apb_paddr(11)
         1 kme_tb.kme_dut.apb_paddr(12)
         1 kme_tb.kme_dut.apb_paddr(13)
         1 kme_tb.kme_dut.apb_paddr(14)
         1 kme_tb.kme_dut.apb_paddr(15)
=========================================================================


xcProfiler report generated on: Wed Aug 14 14:16:07 2024

=========================================================================

--- pollEmu PO usec: avg:15.38, max:9320.13, min:1.40 #polls:77745 (>1ms 2), tot:1.20s
======================================================
	get resource usage report
------------------------------------------------------
user time used: 1.65 sec
system time used: 0.08 sec
maximum resident set size: 564404 (444)
integral shared memory size: 0
integral unshared data size: 0
integral unshared stack size: 0
page reclaims: 338
page faults: 0
swaps: 0
block input operations: 0
block output operations: 32
messages sent: 0
messages received: 0
signals received: 0
voluntary context switches: 164
involuntary context switches: 53
======================================================

================= xcib statistics ====================
                   UART     BYPASS           
      thread      count      count   cpu time
--------------------------------------------------------
        main          0          0       2.19
--------------------------------------------------------

xcmempio = 0.

Log end: Wed Aug 14 14:16:07 2024

