Log started on host: hsv-sc21 pid: 19952 at: Fri Aug 23 11:34:47 2024

libxcrt IXCOM, V23.03.131.s001             (compiled with XCELIUM-22.09-s001, loaded with  XCELIUM-23.03-s001)

INFO: target platform:Z2, execution platform:Z2
--- xc status: @ simTime=0 FS, IN SOFTWARE MODE going to be IN TBRUN MODE, xt0, zt0.
--- xc status: @ simTime=0 FS, IN TBRUN MODE, xt0, zt0.
--- xc status: @ simTime=440075 NS (End-Of-Simulation), IN TBRUN MODE, xt0, zt0.

=========================================================================
IXCOM Performance and Design Profile
-------------------------------------------------------------------------
--- Maximum HW operating speed (compiler fclk freq): 3156.00 KHz
--- HW executed total fclk cycles  (      419901 ) : time = 0.13 sec, (cfclks/fclks: 22.52%)
--- Clocking Mode: Default (2X).

--- HW execution command line session time: 0.36 sec (0.05 CPU sec)

--- HW execution wall clock time          : 0.14 sec (0.05 CPU sec)
--- HW execution emulator busy time       : 0.03 sec (21.85%)

--- Simulation acceleration speed achieved: 642.07 KHz (642070.01 evals/sec)

--- HW executed
    --      94546 ECM controlled fclk cycles      @ 689.71 KHz (689713.70 cfclks/sec)
    --      88015 Eval (or sim-timestep) cycles   @ 642.07 KHz (642070.01 evals/sec)

       --       6516 Behavioral-eval cycles                : 0.00 sec (1.51% total)
               |--       6516 Beh logic : 0.00 sec (1.51% total)
       --        158 Gfifo wait cycles           : 0.00 sec (0.04% total)
               |--        158 Gfifo tbsync waits : 0.00 sec (0.04% total)

       --       3327 Sfifo asyncCall idle cycles  : 0.00 sec (0.77% total)

--- Total number of HW-SW Synchronizations(tbSyncs) : 5 (17603.00 evals/tbSync)
    |-- Synchronizations due to tbcalls(tbcallSyncs): 5 (17603.00 evals/tbcallSync)


--- xc Profile: (%)
	    52.08         XCRT-OH (Elapsed: 0.07 sec)

	    33.33    HW-EMU-TBRUN (Elapsed: 0.05 sec)
	                    |---- GFIFO (62.50 %, 0.03 sec)
	                             |-- GFIFO-DXFR (30.00 %, 0.01 sec)
	                             |-- GFIFO-USER-CODE (70.00 %, 0.02 sec)

	    14.58          SW-SIM (Elapsed: 0.02 sec)


	--- XCRT-OH    : IXCOM runtime overhead.
	--- HW-EMU     : HW evaluations and Synchronization Latency.
	--- SW-SIM     : TB and TBCall execution in sw simulator.


--- Primary Inputs  (bits): INPUT(0) FORCE(0)DEPOSIT(10 :dut=2 + dpi=8 + ixcom=0).
--- Primary Outputs (bits): OUTPUT(77 :dut=0  dpi=74 + ixcom=3).
=========================================================================

=========================================================================
	Behavioral evals statistics:
-------------------------------------------------------------------------
  BevCount     BpHalt Scope
-------------------------------------------------------------------------
      3258          0 top.hw_top
      3258          0 top.hw_top.apb_xactor
=========================================================================


=========================================================================
GFIFO (import) profile
      Num read xfers = 722, Num bytes read = 105688, Time for read xfers = 0.01 sec (0.011 GBytes/sec)
      Mem write wait time = 0.00 sec
    3304 GFIFO functions executed in 0.01 sec
-------------------------------------------------------------------------
               Count    %1-way      Ave      Ave     Saved  Scope
                               NB-Sfifo  B-Sfifo             
-------------------------------------------------------------------------
                3258  100.00%     0.00     0.00         0  top.hw_top._gfdL138_13_P0
                  24  100.00%     0.00     0.00         0  top.hw_top._gfdL274_8_P0
                  21  100.00%     0.00     0.00         0  top.hw_top._gfdL379_6_P0
                   1  100.00%     0.00     0.00         0  top.hw_top._gfdL213_0_P0
-------------------------------------------------------------------------
---             3304  100.00%     0.00     0.00         0  Total
-------------------------------------------------------------------------
      Num polls = 724, Num bytes polled = 11584, Time for polls = 0.01 sec, Polling back off time = 0.00 sec
      Ave poll time = 10.36 us, Min poll time = 7.47 us, Max poll time = 90.01 us
      Polling distribution:
          5.00 us to  10.00 us 552 polls
         10.00 us to  15.00 us 98 polls
         15.00 us to  20.00 us 49 polls
         20.00 us to  25.00 us 11 polls
         25.00 us to  30.00 us 5 polls
         30.00 us to  35.00 us 4 polls
         35.00 us to  40.00 us 1 polls
         40.00 us to  45.00 us 1 polls
         45.00 us to  50.00 us 1 polls
         55.00 us to  60.00 us 1 polls
         90.00 us to  95.00 us 1 polls
=========================================================================

=========================================================================
    SFIFO (export) profile
    Total SFIFO flush time = 0.00 sec
-------------------------------------------------------------------------
               Count NB/B  Scope
-------------------------------------------------------------------------
                3258   NB  top.hw_top.commit_kme_cfg_txn_sfifoH_m3p0
                  24   NB  top.hw_top.service_ib_txn_sfifoH_m3p0
                  21   NB  top.hw_top.service_ob_txn_sfifoH_m3p0
-------------------------------------------------------------------------
---             3303 Total
-------------------------------------------------------------------------
=========================================================================

=========================================================================
--- Synchronizations due to TB/DPI/SVA/SysTask calls (tbcallSyncs): 5.

-------------------------------------------------------------------------
	TBCALL statistics: 5 tb-calls
-------------------------------------------------------------------------
     Count Scope
-------------------------------------------------------------------------
         5 IXC_GFIFO.OSF.OSF_flushAll
              Loc: (/lan/cva_rel/23h1_ixcom/23.03.131.s001/tools.lnx86/etc/ixcom/IXCSF.sv, 268)


-------------------------------------------------------------------------
    Synchronous task and function call profile, Total #calls = 5
-------------------------------------------------------------------------
     Count Scope
-------------------------------------------------------------------------
         1 top.hw_top.wait_for_ob (task, tb_export:tb_mem, iArgW=0, oArgW=0)
              Total life-time = 0.00 sec,  Loc:(/home/simonett/Documents/Coursework/Project-Zipline/emulation/work/../../dv/KME/run/hw_top.v, 418)

         1 top.hw_top.reset_ib_regs (task, tb_export:tb_mem, iArgW=0, oArgW=0)
              Total life-time = 0.00 sec,  Loc:(/home/simonett/Documents/Coursework/Project-Zipline/emulation/work/../../dv/KME/run/hw_top.v, 245)

         1 top.hw_top.wait_for_ib (task, tb_export:tb_mem, iArgW=0, oArgW=0)
              Total life-time = 0.00 sec,  Loc:(/home/simonett/Documents/Coursework/Project-Zipline/emulation/work/../../dv/KME/run/hw_top.v, 319)

         1 top.hw_top.reset_ob_regs (task, tb_export:tb_mem, iArgW=0, oArgW=0)
              Total life-time = 0.00 sec,  Loc:(/home/simonett/Documents/Coursework/Project-Zipline/emulation/work/../../dv/KME/run/hw_top.v, 350)

         1 top.hw_top.wait_for_cfg (task, tb_export:tb_mem, iArgW=0, oArgW=0)
              Total life-time = 0.03 sec,  Loc:(/home/simonett/Documents/Coursework/Project-Zipline/emulation/work/../../dv/KME/run/hw_top.v, 168)

=========================================================================

xcProfiler report generated on: Fri Aug 23 11:35:03 2024

=========================================================================

--- pollEmu PO usec: avg:25.48, max:56.82, min:13.04 #polls:10 (>1ms 0), tot:0.00s
======================================================
	get resource usage report
------------------------------------------------------
user time used: 0.05 sec
system time used: 0.10 sec
maximum resident set size: 636760 (63288)
integral shared memory size: 0
integral unshared data size: 0
integral unshared stack size: 0
page reclaims: 15992
page faults: 0
swaps: 0
block input operations: 24
block output operations: 16
messages sent: 0
messages received: 0
signals received: 0
voluntary context switches: 175
involuntary context switches: 1
======================================================

================= xcib statistics ====================
                   UART     BYPASS           
      thread      count      count   cpu time
--------------------------------------------------------
        main       3028          0       0.65
--------------------------------------------------------

xcmempio = 0.

Log end: Fri Aug 23 11:35:03 2024

