/grid/avs/install/xcelium/2303/23.03.001/tools.lnx86/inca/bin/64bit/xmsim
Obtained 18 stack frames.
/grid/avs/install/xcelium/2303/23.03.001/tools.lnx86/inca/bin/64bit/../../../lib/64bit/libcbreakpad.so(_Z13use_backtracev+0x9d) [0x2b8cd9ce01a3]
/grid/avs/install/xcelium/2303/23.03.001/tools.lnx86/inca/bin/64bit/../../../lib/64bit/libcbreakpad.so(cbpad_generate_dump_on_demand+0x66) [0x2b8cd9ce0630]
xmsim() [0x1ad4eda]
xmsim(serror+0x95) [0x1ad5345]
xmsim() [0xc648c6]
/usr/lib64/libpthread.so.0(+0xf5d0) [0x2b8cd91cc5d0]
/usr/lib64/libc.so.6(gsignal+0x37) [0x2b8cd9915207]
/usr/lib64/libc.so.6(abort+0x148) [0x2b8cd99168f8]
/grid/avs/install/xcelium/2303/23.03.001/tools.lnx86/inca/bin/64bit/../../../lib/64bit/libstdc++.so.6(+0x9a663) [0x2b8cd905a663]
/grid/avs/install/xcelium/2303/23.03.001/tools.lnx86/inca/bin/64bit/../../../lib/64bit/libstdc++.so.6(+0xa6096) [0x2b8cd9066096]
/grid/avs/install/xcelium/2303/23.03.001/tools.lnx86/inca/bin/64bit/../../../lib/64bit/libstdc++.so.6(+0xa6101) [0x2b8cd9066101]
/grid/avs/install/xcelium/2303/23.03.001/tools.lnx86/inca/bin/64bit/../../../lib/64bit/libstdc++.so.6(+0xa6355) [0x2b8cd9066355]
/grid/avs/install/xcelium/2303/23.03.001/tools.lnx86/inca/bin/64bit/../../../lib/64bit/libstdc++.so.6(_ZSt20__throw_length_errorPKc+0x35) [0x2b8cd905ccb4]
/grid/avs/install/xcelium/2303/23.03.001/tools.lnx86/inca/bin/64bit/../../../lib/64bit/libstdc++.so.6(+0x1388cc) [0x2b8cd90f88cc]
xmsim(_ZNSt7__cxx1112basic_stringIcSt11char_traitsIcESaIcEE12_M_constructIPcEEvT_S7_St20forward_iterator_tag+0x70) [0x23b1cec]
/lan/cva_rel/23h1_ixcom/23.03.131.s001/tools.lnx86/lib/64bit/libotb.so(_ZStplIcSt11char_traitsIcESaIcEENSt7__cxx1112basic_stringIT_T0_T1_EERKS8_PKS5_+0x23) [0x2b8cdf6fef9f]
libdpi.so(configure_kme+0x30) [0x2b8d1cca1255]
[0x4d9e538]
