// Log started on host: sjcvl-simonett at : Thu Aug 15 10:32:15 2024
 

******************************************************************************
vlan IXCOM, V23.03.131.s001            
Path - /lan/cva_rel/23h1_ixcom/23.03.131.s001/tools.lnx86/bin/64bit/vlan
(c) 2024 Cadence Design Systems, Inc.  All rights reserved worldwide.
See files in <rootdir>/share/vxe/install/Copyrights
******************************************************************************

Executing ... vlan (64bit) - Thu Aug  3 21:46:56 PDT 2023

Info!		[IGN_PLUS_OPTION]
	 Plus option (+TESTNAME=kme_key_type_0) is not recognized by the compiler
Command Arguments:
  -sv
  -f /home/simonett/Documents/Coursework/Project-Zipline/emulation/work/../../dv/KME/run/kme.vlist
    +sv
    +define+SYNTHESIS+
    +TESTNAME=kme_key_type_0
    -f /home/simonett/Documents/Coursework/Project-Zipline/emulation/work/../../rtl/cr_kme/cr_kme.vlist
      +define+ENA_BIMC+
      +libext+.v
      +libext+.sv
      +libext+.svp
      +libext+.vh
      +incdir+/home/simonett/Documents/Coursework/Project-Zipline/emulation/work/../../rtl/common/include
      +incdir+/home/simonett/Documents/Coursework/Project-Zipline/emulation/work/../../rtl/cr_kme
      +incdir+/home/simonett/Documents/Coursework/Project-Zipline/emulation/work/../../rtl/common/nx_library
      +incdir+/home/simonett/Documents/Coursework/Project-Zipline/emulation/work/../../rtl/mem_wrappers/bimc_master/top
      +incdir+/home/simonett/Documents/Coursework/Project-Zipline/emulation/work/../../rtl/common/fifo
      +incdir+/home/simonett/Documents/Coursework/Project-Zipline/emulation/work/../../rtl/common/cr_tlvp
      +incdir+/home/simonett/Documents/Coursework/Project-Zipline/emulation/work/../../rtl/common/axi
      -y /home/simonett/Documents/Coursework/Project-Zipline/emulation/work/../../rtl/common
      -y /home/simonett/Documents/Coursework/Project-Zipline/emulation/work/../../rtl/common/nx_library
      -y /home/simonett/Documents/Coursework/Project-Zipline/emulation/work/../../rtl/common/fifo
      -y /home/simonett/Documents/Coursework/Project-Zipline/emulation/work/../../rtl/mem_wrappers/bimc_master/top
      /home/simonett/Documents/Coursework/Project-Zipline/emulation/work/../../rtl/cr_kme/cr_kme.v
      /home/simonett/Documents/Coursework/Project-Zipline/emulation/work/../../rtl/cr_kme/cr_kme_core.v
      /home/simonett/Documents/Coursework/Project-Zipline/emulation/work/../../rtl/cr_kme/cr_kme_core_glue.v
      /home/simonett/Documents/Coursework/Project-Zipline/emulation/work/../../rtl/cr_kme/cr_kme_regfile.v
      /home/simonett/Documents/Coursework/Project-Zipline/emulation/work/../../rtl/cr_kme/cr_kme_int_handler.v
      /home/simonett/Documents/Coursework/Project-Zipline/emulation/work/../../rtl/cr_kme/cr_kme_drbg_reggen.v
      /home/simonett/Documents/Coursework/Project-Zipline/emulation/work/../../rtl/cr_cceip_64_sa/cr_sa_counter.v
      /home/simonett/Documents/Coursework/Project-Zipline/emulation/work/../../rtl/cr_kme/cr_kme_regs.sv
      /home/simonett/Documents/Coursework/Project-Zipline/emulation/work/../../rtl/cr_kme/cr_kme_fifo.v
      /home/simonett/Documents/Coursework/Project-Zipline/emulation/work/../../rtl/cr_kme/cr_kme_ram_fifo.v
      /home/simonett/Documents/Coursework/Project-Zipline/emulation/work/../../rtl/cr_kme/cr_kme_ckv_pipeline.v
      /home/simonett/Documents/Coursework/Project-Zipline/emulation/work/../../rtl/cr_kme/cr_kme_guid_stitcher.v
      /home/simonett/Documents/Coursework/Project-Zipline/emulation/work/../../rtl/cr_kme/cr_kme_tlv_parser.v
      /home/simonett/Documents/Coursework/Project-Zipline/emulation/work/../../rtl/cr_kme/cr_kme_kim_drng_reader.v
      /home/simonett/Documents/Coursework/Project-Zipline/emulation/work/../../rtl/cr_kme/cr_kme_ckv_reader.v
      /home/simonett/Documents/Coursework/Project-Zipline/emulation/work/../../rtl/cr_kme/cr_kme_kop_assigner.v
      /home/simonett/Documents/Coursework/Project-Zipline/emulation/work/../../rtl/cr_kme/cr_kme_regfile_glue.v
      /home/simonett/Documents/Coursework/Project-Zipline/emulation/work/../../rtl/cr_kme/cr_kme_key_tlv_compare_split.v
      /home/simonett/Documents/Coursework/Project-Zipline/emulation/work/../../rtl/cr_kme/cr_kme_key_tlv_rsm.v
      /home/simonett/Documents/Coursework/Project-Zipline/emulation/work/../../rtl/cr_kme/cr_kme_kop.v
      /home/simonett/Documents/Coursework/Project-Zipline/emulation/work/../../rtl/cr_kme/cr_kme_kop_tlv_inspector.v
      /home/simonett/Documents/Coursework/Project-Zipline/emulation/work/../../rtl/cr_kme/cr_kme_kop_upsizer_x2.v
      /home/simonett/Documents/Coursework/Project-Zipline/emulation/work/../../rtl/cr_kme/cr_kme_kop_gcm.v
      /home/simonett/Documents/Coursework/Project-Zipline/emulation/work/../../rtl/cr_kme/cr_kme_kop_kdf.v
      /home/simonett/Documents/Coursework/Project-Zipline/emulation/work/../../rtl/cr_kme/cr_kme_kop_kdf_keyfilter.v
      /home/simonett/Documents/Coursework/Project-Zipline/emulation/work/../../rtl/cr_kme/cr_kme_kop_kdf_merger.v
      /home/simonett/Documents/Coursework/Project-Zipline/emulation/work/../../rtl/cr_kme/cr_kme_hmac_sha256_stub.v
      /home/simonett/Documents/Coursework/Project-Zipline/emulation/work/../../rtl/cr_kme/cr_kme_kop_kdf_stream_gen.v
      /home/simonett/Documents/Coursework/Project-Zipline/emulation/work/../../rtl/cr_kme/cr_kme_kop_kdf_stream_pipe.v
      /home/simonett/Documents/Coursework/Project-Zipline/emulation/work/../../rtl/cr_kme/cr_kme_kop_keybuilder.v
      /home/simonett/Documents/Coursework/Project-Zipline/emulation/work/../../rtl/cr_kme/cr_kme_drng.v
      /home/simonett/Documents/Coursework/Project-Zipline/emulation/work/../../rtl/cr_kme/cr_kme_aes_256_drng.v
      /home/simonett/Documents/Coursework/Project-Zipline/emulation/work/../../rtl/common/cr_tlvp/cr_axi4s_mstr.v
      /home/simonett/Documents/Coursework/Project-Zipline/emulation/work/../../rtl/common/cr_tlvp/cr_axi4s2_slv.v
      /home/simonett/Documents/Coursework/Project-Zipline/emulation/work/../../rtl/common/cr_tlvp/cr_tlvp2_rsm.v
      /home/simonett/Documents/Coursework/Project-Zipline/emulation/work/../../rtl/common/cr_tlvp/cr_tlvp2_rsm_core.v
      -v /home/simonett/Documents/Coursework/Project-Zipline/emulation/work/../../rtl/common/fifo/cr_fifo_wrap1.v
      -v /home/simonett/Documents/Coursework/Project-Zipline/emulation/work/../../rtl/common/fifo/cr_fifo_wrap2.v
      /home/simonett/Documents/Coursework/Project-Zipline/emulation/work/../../rtl/common/axi/axi_reg_slice_defs.vh
      /home/simonett/Documents/Coursework/Project-Zipline/emulation/work/../../rtl/common/axi/axi_channel_reg_slice.v
      /home/simonett/Documents/Coursework/Project-Zipline/emulation/work/../../rtl/AesSecI/AesSecIStub.v
      /home/simonett/Documents/Coursework/Project-Zipline/emulation/work/../../rtl/common/cr_crc/cr_crc.v
    +incdir+/home/simonett/Documents/Coursework/Project-Zipline/emulation/work/../../dv/agents/apb
    +incdir+/home/simonett/Documents/Coursework/Project-Zipline/emulation/work/../../dv/CCE_64/tb_top
    /home/simonett/Documents/Coursework/Project-Zipline/emulation/work/../../dv/agents/apb/apb_xactor.v
    /home/simonett/Documents/Coursework/Project-Zipline/emulation/work/../../dv/KME/run/kme_tb.v
    /home/simonett/Documents/Coursework/Project-Zipline/emulation/work/../../dv/KME/run/hw_top.v
    /home/simonett/Documents/Coursework/Project-Zipline/emulation/work/../../dv/KME/run/top.v
  clk.sv
Compiling source file "/home/simonett/Documents/Coursework/Project-Zipline/emulation/work/../../rtl/cr_kme/cr_kme.v"
Compiling included source file "/home/simonett/Documents/Coursework/Project-Zipline/emulation/work/../../rtl/cr_kme/cr_kme.vh"
Compiling included source file "/home/simonett/Documents/Coursework/Project-Zipline/emulation/work/../../rtl/cr_kme/cr_kme_regs.vh"
Compiling included source file "/home/simonett/Documents/Coursework/Project-Zipline/emulation/work/../../rtl/cr_kme/cr_kme_regsPKG.svp"
Compiling included source file "/home/simonett/Documents/Coursework/Project-Zipline/emulation/work/../../rtl/cr_kme/cr_kme_regfilePKG.svp"
Compiling included source file "/home/simonett/Documents/Coursework/Project-Zipline/emulation/work/../../rtl/cr_kme/cr_kmePKG.svp"
Compiling included source file "/home/simonett/Documents/Coursework/Project-Zipline/emulation/work/../../rtl/common/include/cr_global_params.vh"
Compiling included source file "/home/simonett/Documents/Coursework/Project-Zipline/emulation/work/../../rtl/common/include/ccx_std.vh"
Compiling included source file "/home/simonett/Documents/Coursework/Project-Zipline/emulation/work/../../rtl/cr_kme/cr_kme_body_param.v"
Compiling included source file "/home/simonett/Documents/Coursework/Project-Zipline/emulation/work/../../rtl/cr_kme/cr_kme_functions.v"
Compiling included source file "/home/simonett/Documents/Coursework/Project-Zipline/emulation/work/../../rtl/cr_kme/cr_kme_structs.v"
Compiling included source file "/home/simonett/Documents/Coursework/Project-Zipline/emulation/work/../../rtl/common/include/cr_structs.sv"
Compiling included source file "/home/simonett/Documents/Coursework/Project-Zipline/emulation/work/../../rtl/common/include/cr_global_params.vh"
Compiling included source file "/home/simonett/Documents/Coursework/Project-Zipline/emulation/work/../../rtl/common/include/cr_native_types.svh"
Compiling included source file "/home/simonett/Documents/Coursework/Project-Zipline/emulation/work/../../rtl/common/include/cr_error_codes.svh"
Compiling source file "/home/simonett/Documents/Coursework/Project-Zipline/emulation/work/../../rtl/cr_kme/cr_kme_core.v"
Compiling included source file "/home/simonett/Documents/Coursework/Project-Zipline/emulation/work/../../rtl/cr_kme/cr_kme_body_param.v"
Compiling included source file "/home/simonett/Documents/Coursework/Project-Zipline/emulation/work/../../rtl/cr_kme/cr_kme_functions.v"
Compiling included source file "/home/simonett/Documents/Coursework/Project-Zipline/emulation/work/../../rtl/cr_kme/cr_kme_structs.v"
Compiling included source file "/home/simonett/Documents/Coursework/Project-Zipline/emulation/work/../../rtl/common/include/cr_structs.sv"
Compiling included source file "/home/simonett/Documents/Coursework/Project-Zipline/emulation/work/../../rtl/common/include/cr_global_params.vh"
Compiling included source file "/home/simonett/Documents/Coursework/Project-Zipline/emulation/work/../../rtl/common/include/cr_native_types.svh"
Compiling included source file "/home/simonett/Documents/Coursework/Project-Zipline/emulation/work/../../rtl/common/include/cr_error_codes.svh"
Compiling source file "/home/simonett/Documents/Coursework/Project-Zipline/emulation/work/../../rtl/cr_kme/cr_kme_core_glue.v"
Compiling included source file "/home/simonett/Documents/Coursework/Project-Zipline/emulation/work/../../rtl/cr_kme/cr_kme_body_param.v"
Compiling included source file "/home/simonett/Documents/Coursework/Project-Zipline/emulation/work/../../rtl/cr_kme/cr_kme_functions.v"
Compiling included source file "/home/simonett/Documents/Coursework/Project-Zipline/emulation/work/../../rtl/cr_kme/cr_kme_structs.v"
Compiling included source file "/home/simonett/Documents/Coursework/Project-Zipline/emulation/work/../../rtl/common/include/cr_structs.sv"
Compiling included source file "/home/simonett/Documents/Coursework/Project-Zipline/emulation/work/../../rtl/common/include/cr_global_params.vh"
Compiling included source file "/home/simonett/Documents/Coursework/Project-Zipline/emulation/work/../../rtl/common/include/cr_native_types.svh"
Compiling included source file "/home/simonett/Documents/Coursework/Project-Zipline/emulation/work/../../rtl/common/include/cr_error_codes.svh"
Compiling source file "/home/simonett/Documents/Coursework/Project-Zipline/emulation/work/../../rtl/cr_kme/cr_kme_regfile.v"
Compiling included source file "/home/simonett/Documents/Coursework/Project-Zipline/emulation/work/../../rtl/cr_kme/cr_kme_body_param.v"
Compiling included source file "/home/simonett/Documents/Coursework/Project-Zipline/emulation/work/../../rtl/cr_kme/cr_kme_functions.v"
Compiling included source file "/home/simonett/Documents/Coursework/Project-Zipline/emulation/work/../../rtl/cr_kme/cr_kme_structs.v"
Compiling included source file "/home/simonett/Documents/Coursework/Project-Zipline/emulation/work/../../rtl/common/include/cr_structs.sv"
Compiling included source file "/home/simonett/Documents/Coursework/Project-Zipline/emulation/work/../../rtl/common/include/cr_global_params.vh"
Compiling included source file "/home/simonett/Documents/Coursework/Project-Zipline/emulation/work/../../rtl/common/include/cr_native_types.svh"
Compiling included source file "/home/simonett/Documents/Coursework/Project-Zipline/emulation/work/../../rtl/common/include/cr_error_codes.svh"
Compiling included source file "/home/simonett/Documents/Coursework/Project-Zipline/emulation/work/../../rtl/mem_wrappers/bimc_master/top/bimc_master.vh"
Compiling source file "/home/simonett/Documents/Coursework/Project-Zipline/emulation/work/../../rtl/cr_kme/cr_kme_int_handler.v"
Compiling source file "/home/simonett/Documents/Coursework/Project-Zipline/emulation/work/../../rtl/cr_kme/cr_kme_drbg_reggen.v"
Compiling source file "/home/simonett/Documents/Coursework/Project-Zipline/emulation/work/../../rtl/cr_cceip_64_sa/cr_sa_counter.v"
Compiling included source file "/home/simonett/Documents/Coursework/Project-Zipline/emulation/work/../../rtl/common/include/cr_structs.sv"
Compiling included source file "/home/simonett/Documents/Coursework/Project-Zipline/emulation/work/../../rtl/common/include/cr_global_params.vh"
Compiling included source file "/home/simonett/Documents/Coursework/Project-Zipline/emulation/work/../../rtl/common/include/cr_native_types.svh"
Compiling included source file "/home/simonett/Documents/Coursework/Project-Zipline/emulation/work/../../rtl/common/include/cr_error_codes.svh"
Compiling source file "/home/simonett/Documents/Coursework/Project-Zipline/emulation/work/../../rtl/cr_kme/cr_kme_regs.sv"
Compiling included source file "/home/simonett/Documents/Coursework/Project-Zipline/emulation/work/../../rtl/cr_kme/cr_kme.vh"
Compiling source file "/home/simonett/Documents/Coursework/Project-Zipline/emulation/work/../../rtl/cr_kme/cr_kme_fifo.v"
Compiling source file "/home/simonett/Documents/Coursework/Project-Zipline/emulation/work/../../rtl/cr_kme/cr_kme_ram_fifo.v"
Compiling source file "/home/simonett/Documents/Coursework/Project-Zipline/emulation/work/../../rtl/cr_kme/cr_kme_ckv_pipeline.v"
Compiling included source file "/home/simonett/Documents/Coursework/Project-Zipline/emulation/work/../../rtl/cr_kme/cr_kme_body_param.v"
Compiling included source file "/home/simonett/Documents/Coursework/Project-Zipline/emulation/work/../../rtl/cr_kme/cr_kme_functions.v"
Compiling included source file "/home/simonett/Documents/Coursework/Project-Zipline/emulation/work/../../rtl/cr_kme/cr_kme_structs.v"
Compiling included source file "/home/simonett/Documents/Coursework/Project-Zipline/emulation/work/../../rtl/common/include/cr_structs.sv"
Compiling included source file "/home/simonett/Documents/Coursework/Project-Zipline/emulation/work/../../rtl/common/include/cr_global_params.vh"
Compiling included source file "/home/simonett/Documents/Coursework/Project-Zipline/emulation/work/../../rtl/common/include/cr_native_types.svh"
Compiling included source file "/home/simonett/Documents/Coursework/Project-Zipline/emulation/work/../../rtl/common/include/cr_error_codes.svh"
Compiling source file "/home/simonett/Documents/Coursework/Project-Zipline/emulation/work/../../rtl/cr_kme/cr_kme_guid_stitcher.v"
Compiling included source file "/home/simonett/Documents/Coursework/Project-Zipline/emulation/work/../../rtl/common/include/ccx_std.vh"
Compiling included source file "/home/simonett/Documents/Coursework/Project-Zipline/emulation/work/../../rtl/cr_kme/cr_kme_body_param.v"
Compiling included source file "/home/simonett/Documents/Coursework/Project-Zipline/emulation/work/../../rtl/cr_kme/cr_kme_functions.v"
Compiling included source file "/home/simonett/Documents/Coursework/Project-Zipline/emulation/work/../../rtl/cr_kme/cr_kme_structs.v"
Compiling included source file "/home/simonett/Documents/Coursework/Project-Zipline/emulation/work/../../rtl/common/include/cr_structs.sv"
Compiling included source file "/home/simonett/Documents/Coursework/Project-Zipline/emulation/work/../../rtl/common/include/cr_global_params.vh"
Compiling included source file "/home/simonett/Documents/Coursework/Project-Zipline/emulation/work/../../rtl/common/include/cr_native_types.svh"
Compiling included source file "/home/simonett/Documents/Coursework/Project-Zipline/emulation/work/../../rtl/common/include/cr_error_codes.svh"
Compiling source file "/home/simonett/Documents/Coursework/Project-Zipline/emulation/work/../../rtl/cr_kme/cr_kme_tlv_parser.v"
Compiling included source file "/home/simonett/Documents/Coursework/Project-Zipline/emulation/work/../../rtl/common/include/ccx_std.vh"
Compiling included source file "/home/simonett/Documents/Coursework/Project-Zipline/emulation/work/../../rtl/cr_kme/cr_kme_body_param.v"
Compiling included source file "/home/simonett/Documents/Coursework/Project-Zipline/emulation/work/../../rtl/cr_kme/cr_kme_functions.v"
Compiling included source file "/home/simonett/Documents/Coursework/Project-Zipline/emulation/work/../../rtl/cr_kme/cr_kme_structs.v"
Compiling included source file "/home/simonett/Documents/Coursework/Project-Zipline/emulation/work/../../rtl/common/include/cr_structs.sv"
Compiling included source file "/home/simonett/Documents/Coursework/Project-Zipline/emulation/work/../../rtl/common/include/cr_global_params.vh"
Compiling included source file "/home/simonett/Documents/Coursework/Project-Zipline/emulation/work/../../rtl/common/include/cr_native_types.svh"
Compiling included source file "/home/simonett/Documents/Coursework/Project-Zipline/emulation/work/../../rtl/common/include/cr_error_codes.svh"
Compiling source file "/home/simonett/Documents/Coursework/Project-Zipline/emulation/work/../../rtl/cr_kme/cr_kme_kim_drng_reader.v"
Compiling included source file "/home/simonett/Documents/Coursework/Project-Zipline/emulation/work/../../rtl/cr_kme/cr_kme_body_param.v"
Compiling included source file "/home/simonett/Documents/Coursework/Project-Zipline/emulation/work/../../rtl/cr_kme/cr_kme_functions.v"
Compiling included source file "/home/simonett/Documents/Coursework/Project-Zipline/emulation/work/../../rtl/cr_kme/cr_kme_structs.v"
Compiling included source file "/home/simonett/Documents/Coursework/Project-Zipline/emulation/work/../../rtl/common/include/cr_structs.sv"
Compiling included source file "/home/simonett/Documents/Coursework/Project-Zipline/emulation/work/../../rtl/common/include/cr_global_params.vh"
Compiling included source file "/home/simonett/Documents/Coursework/Project-Zipline/emulation/work/../../rtl/common/include/cr_native_types.svh"
Compiling included source file "/home/simonett/Documents/Coursework/Project-Zipline/emulation/work/../../rtl/common/include/cr_error_codes.svh"
Compiling source file "/home/simonett/Documents/Coursework/Project-Zipline/emulation/work/../../rtl/cr_kme/cr_kme_ckv_reader.v"
Compiling included source file "/home/simonett/Documents/Coursework/Project-Zipline/emulation/work/../../rtl/cr_kme/cr_kme_body_param.v"
Compiling included source file "/home/simonett/Documents/Coursework/Project-Zipline/emulation/work/../../rtl/cr_kme/cr_kme_functions.v"
Compiling included source file "/home/simonett/Documents/Coursework/Project-Zipline/emulation/work/../../rtl/cr_kme/cr_kme_structs.v"
Compiling included source file "/home/simonett/Documents/Coursework/Project-Zipline/emulation/work/../../rtl/common/include/cr_structs.sv"
Compiling included source file "/home/simonett/Documents/Coursework/Project-Zipline/emulation/work/../../rtl/common/include/cr_global_params.vh"
Compiling included source file "/home/simonett/Documents/Coursework/Project-Zipline/emulation/work/../../rtl/common/include/cr_native_types.svh"
Compiling included source file "/home/simonett/Documents/Coursework/Project-Zipline/emulation/work/../../rtl/common/include/cr_error_codes.svh"
Compiling source file "/home/simonett/Documents/Coursework/Project-Zipline/emulation/work/../../rtl/cr_kme/cr_kme_kop_assigner.v"
Compiling included source file "/home/simonett/Documents/Coursework/Project-Zipline/emulation/work/../../rtl/cr_kme/cr_kme_body_param.v"
Compiling included source file "/home/simonett/Documents/Coursework/Project-Zipline/emulation/work/../../rtl/cr_kme/cr_kme_functions.v"
Compiling included source file "/home/simonett/Documents/Coursework/Project-Zipline/emulation/work/../../rtl/cr_kme/cr_kme_structs.v"
Compiling included source file "/home/simonett/Documents/Coursework/Project-Zipline/emulation/work/../../rtl/common/include/cr_structs.sv"
Compiling included source file "/home/simonett/Documents/Coursework/Project-Zipline/emulation/work/../../rtl/common/include/cr_global_params.vh"
Compiling included source file "/home/simonett/Documents/Coursework/Project-Zipline/emulation/work/../../rtl/common/include/cr_native_types.svh"
Compiling included source file "/home/simonett/Documents/Coursework/Project-Zipline/emulation/work/../../rtl/common/include/cr_error_codes.svh"
Compiling source file "/home/simonett/Documents/Coursework/Project-Zipline/emulation/work/../../rtl/cr_kme/cr_kme_regfile_glue.v"
Compiling included source file "/home/simonett/Documents/Coursework/Project-Zipline/emulation/work/../../rtl/cr_kme/cr_kme_body_param.v"
Compiling included source file "/home/simonett/Documents/Coursework/Project-Zipline/emulation/work/../../rtl/cr_kme/cr_kme_functions.v"
Compiling included source file "/home/simonett/Documents/Coursework/Project-Zipline/emulation/work/../../rtl/cr_kme/cr_kme_structs.v"
Compiling included source file "/home/simonett/Documents/Coursework/Project-Zipline/emulation/work/../../rtl/common/include/cr_structs.sv"
Compiling included source file "/home/simonett/Documents/Coursework/Project-Zipline/emulation/work/../../rtl/common/include/cr_global_params.vh"
Compiling included source file "/home/simonett/Documents/Coursework/Project-Zipline/emulation/work/../../rtl/common/include/cr_native_types.svh"
Compiling included source file "/home/simonett/Documents/Coursework/Project-Zipline/emulation/work/../../rtl/common/include/cr_error_codes.svh"
Compiling source file "/home/simonett/Documents/Coursework/Project-Zipline/emulation/work/../../rtl/cr_kme/cr_kme_key_tlv_compare_split.v"
Compiling included source file "/home/simonett/Documents/Coursework/Project-Zipline/emulation/work/../../rtl/cr_kme/cr_kme_body_param.v"
Compiling included source file "/home/simonett/Documents/Coursework/Project-Zipline/emulation/work/../../rtl/cr_kme/cr_kme_functions.v"
Compiling included source file "/home/simonett/Documents/Coursework/Project-Zipline/emulation/work/../../rtl/cr_kme/cr_kme_structs.v"
Compiling included source file "/home/simonett/Documents/Coursework/Project-Zipline/emulation/work/../../rtl/common/include/cr_structs.sv"
Compiling included source file "/home/simonett/Documents/Coursework/Project-Zipline/emulation/work/../../rtl/common/include/cr_global_params.vh"
Compiling included source file "/home/simonett/Documents/Coursework/Project-Zipline/emulation/work/../../rtl/common/include/cr_native_types.svh"
Compiling included source file "/home/simonett/Documents/Coursework/Project-Zipline/emulation/work/../../rtl/common/include/cr_error_codes.svh"
Compiling source file "/home/simonett/Documents/Coursework/Project-Zipline/emulation/work/../../rtl/cr_kme/cr_kme_key_tlv_rsm.v"
Compiling included source file "/home/simonett/Documents/Coursework/Project-Zipline/emulation/work/../../rtl/cr_kme/cr_kme_body_param.v"
Compiling included source file "/home/simonett/Documents/Coursework/Project-Zipline/emulation/work/../../rtl/cr_kme/cr_kme_functions.v"
Compiling included source file "/home/simonett/Documents/Coursework/Project-Zipline/emulation/work/../../rtl/cr_kme/cr_kme_structs.v"
Compiling included source file "/home/simonett/Documents/Coursework/Project-Zipline/emulation/work/../../rtl/common/include/cr_structs.sv"
Compiling included source file "/home/simonett/Documents/Coursework/Project-Zipline/emulation/work/../../rtl/common/include/cr_global_params.vh"
Compiling included source file "/home/simonett/Documents/Coursework/Project-Zipline/emulation/work/../../rtl/common/include/cr_native_types.svh"
Compiling included source file "/home/simonett/Documents/Coursework/Project-Zipline/emulation/work/../../rtl/common/include/cr_error_codes.svh"
Compiling source file "/home/simonett/Documents/Coursework/Project-Zipline/emulation/work/../../rtl/cr_kme/cr_kme_kop.v"
Compiling included source file "/home/simonett/Documents/Coursework/Project-Zipline/emulation/work/../../rtl/cr_kme/cr_kme_body_param.v"
Compiling included source file "/home/simonett/Documents/Coursework/Project-Zipline/emulation/work/../../rtl/cr_kme/cr_kme_functions.v"
Compiling included source file "/home/simonett/Documents/Coursework/Project-Zipline/emulation/work/../../rtl/cr_kme/cr_kme_structs.v"
Compiling included source file "/home/simonett/Documents/Coursework/Project-Zipline/emulation/work/../../rtl/common/include/cr_structs.sv"
Compiling included source file "/home/simonett/Documents/Coursework/Project-Zipline/emulation/work/../../rtl/common/include/cr_global_params.vh"
Compiling included source file "/home/simonett/Documents/Coursework/Project-Zipline/emulation/work/../../rtl/common/include/cr_native_types.svh"
Compiling included source file "/home/simonett/Documents/Coursework/Project-Zipline/emulation/work/../../rtl/common/include/cr_error_codes.svh"
Compiling source file "/home/simonett/Documents/Coursework/Project-Zipline/emulation/work/../../rtl/cr_kme/cr_kme_kop_tlv_inspector.v"
Compiling included source file "/home/simonett/Documents/Coursework/Project-Zipline/emulation/work/../../rtl/cr_kme/cr_kme_body_param.v"
Compiling included source file "/home/simonett/Documents/Coursework/Project-Zipline/emulation/work/../../rtl/cr_kme/cr_kme_functions.v"
Compiling included source file "/home/simonett/Documents/Coursework/Project-Zipline/emulation/work/../../rtl/cr_kme/cr_kme_structs.v"
Compiling included source file "/home/simonett/Documents/Coursework/Project-Zipline/emulation/work/../../rtl/common/include/cr_structs.sv"
Compiling included source file "/home/simonett/Documents/Coursework/Project-Zipline/emulation/work/../../rtl/common/include/cr_global_params.vh"
Compiling included source file "/home/simonett/Documents/Coursework/Project-Zipline/emulation/work/../../rtl/common/include/cr_native_types.svh"
Compiling included source file "/home/simonett/Documents/Coursework/Project-Zipline/emulation/work/../../rtl/common/include/cr_error_codes.svh"
Compiling source file "/home/simonett/Documents/Coursework/Project-Zipline/emulation/work/../../rtl/cr_kme/cr_kme_kop_upsizer_x2.v"
Compiling included source file "/home/simonett/Documents/Coursework/Project-Zipline/emulation/work/../../rtl/cr_kme/cr_kme_body_param.v"
Compiling included source file "/home/simonett/Documents/Coursework/Project-Zipline/emulation/work/../../rtl/cr_kme/cr_kme_functions.v"
Compiling included source file "/home/simonett/Documents/Coursework/Project-Zipline/emulation/work/../../rtl/cr_kme/cr_kme_structs.v"
Compiling included source file "/home/simonett/Documents/Coursework/Project-Zipline/emulation/work/../../rtl/common/include/cr_structs.sv"
Compiling included source file "/home/simonett/Documents/Coursework/Project-Zipline/emulation/work/../../rtl/common/include/cr_global_params.vh"
Compiling included source file "/home/simonett/Documents/Coursework/Project-Zipline/emulation/work/../../rtl/common/include/cr_native_types.svh"
Compiling included source file "/home/simonett/Documents/Coursework/Project-Zipline/emulation/work/../../rtl/common/include/cr_error_codes.svh"
Compiling source file "/home/simonett/Documents/Coursework/Project-Zipline/emulation/work/../../rtl/cr_kme/cr_kme_kop_gcm.v"
Compiling included source file "/home/simonett/Documents/Coursework/Project-Zipline/emulation/work/../../rtl/cr_kme/cr_kme_body_param.v"
Compiling included source file "/home/simonett/Documents/Coursework/Project-Zipline/emulation/work/../../rtl/cr_kme/cr_kme_functions.v"
Compiling included source file "/home/simonett/Documents/Coursework/Project-Zipline/emulation/work/../../rtl/cr_kme/cr_kme_structs.v"
Compiling included source file "/home/simonett/Documents/Coursework/Project-Zipline/emulation/work/../../rtl/common/include/cr_structs.sv"
Compiling included source file "/home/simonett/Documents/Coursework/Project-Zipline/emulation/work/../../rtl/common/include/cr_global_params.vh"
Compiling included source file "/home/simonett/Documents/Coursework/Project-Zipline/emulation/work/../../rtl/common/include/cr_native_types.svh"
Compiling included source file "/home/simonett/Documents/Coursework/Project-Zipline/emulation/work/../../rtl/common/include/cr_error_codes.svh"
Compiling source file "/home/simonett/Documents/Coursework/Project-Zipline/emulation/work/../../rtl/cr_kme/cr_kme_kop_kdf.v"
Compiling included source file "/home/simonett/Documents/Coursework/Project-Zipline/emulation/work/../../rtl/cr_kme/cr_kme_body_param.v"
Compiling included source file "/home/simonett/Documents/Coursework/Project-Zipline/emulation/work/../../rtl/cr_kme/cr_kme_functions.v"
Compiling included source file "/home/simonett/Documents/Coursework/Project-Zipline/emulation/work/../../rtl/cr_kme/cr_kme_structs.v"
Compiling included source file "/home/simonett/Documents/Coursework/Project-Zipline/emulation/work/../../rtl/common/include/cr_structs.sv"
Compiling included source file "/home/simonett/Documents/Coursework/Project-Zipline/emulation/work/../../rtl/common/include/cr_global_params.vh"
Compiling included source file "/home/simonett/Documents/Coursework/Project-Zipline/emulation/work/../../rtl/common/include/cr_native_types.svh"
Compiling included source file "/home/simonett/Documents/Coursework/Project-Zipline/emulation/work/../../rtl/common/include/cr_error_codes.svh"
Compiling source file "/home/simonett/Documents/Coursework/Project-Zipline/emulation/work/../../rtl/cr_kme/cr_kme_kop_kdf_keyfilter.v"
Compiling included source file "/home/simonett/Documents/Coursework/Project-Zipline/emulation/work/../../rtl/cr_kme/cr_kme_body_param.v"
Compiling included source file "/home/simonett/Documents/Coursework/Project-Zipline/emulation/work/../../rtl/cr_kme/cr_kme_functions.v"
Compiling included source file "/home/simonett/Documents/Coursework/Project-Zipline/emulation/work/../../rtl/cr_kme/cr_kme_structs.v"
Compiling included source file "/home/simonett/Documents/Coursework/Project-Zipline/emulation/work/../../rtl/common/include/cr_structs.sv"
Compiling included source file "/home/simonett/Documents/Coursework/Project-Zipline/emulation/work/../../rtl/common/include/cr_global_params.vh"
Compiling included source file "/home/simonett/Documents/Coursework/Project-Zipline/emulation/work/../../rtl/common/include/cr_native_types.svh"
Compiling included source file "/home/simonett/Documents/Coursework/Project-Zipline/emulation/work/../../rtl/common/include/cr_error_codes.svh"
Compiling source file "/home/simonett/Documents/Coursework/Project-Zipline/emulation/work/../../rtl/cr_kme/cr_kme_kop_kdf_merger.v"
Compiling included source file "/home/simonett/Documents/Coursework/Project-Zipline/emulation/work/../../rtl/cr_kme/cr_kme_body_param.v"
Compiling included source file "/home/simonett/Documents/Coursework/Project-Zipline/emulation/work/../../rtl/cr_kme/cr_kme_functions.v"
Compiling included source file "/home/simonett/Documents/Coursework/Project-Zipline/emulation/work/../../rtl/cr_kme/cr_kme_structs.v"
Compiling included source file "/home/simonett/Documents/Coursework/Project-Zipline/emulation/work/../../rtl/common/include/cr_structs.sv"
Compiling included source file "/home/simonett/Documents/Coursework/Project-Zipline/emulation/work/../../rtl/common/include/cr_global_params.vh"
Compiling included source file "/home/simonett/Documents/Coursework/Project-Zipline/emulation/work/../../rtl/common/include/cr_native_types.svh"
Compiling included source file "/home/simonett/Documents/Coursework/Project-Zipline/emulation/work/../../rtl/common/include/cr_error_codes.svh"
Compiling source file "/home/simonett/Documents/Coursework/Project-Zipline/emulation/work/../../rtl/cr_kme/cr_kme_hmac_sha256_stub.v"
Compiling source file "/home/simonett/Documents/Coursework/Project-Zipline/emulation/work/../../rtl/cr_kme/cr_kme_kop_kdf_stream_gen.v"
Compiling included source file "/home/simonett/Documents/Coursework/Project-Zipline/emulation/work/../../rtl/cr_kme/cr_kme_body_param.v"
Compiling included source file "/home/simonett/Documents/Coursework/Project-Zipline/emulation/work/../../rtl/cr_kme/cr_kme_functions.v"
Compiling included source file "/home/simonett/Documents/Coursework/Project-Zipline/emulation/work/../../rtl/cr_kme/cr_kme_structs.v"
Compiling included source file "/home/simonett/Documents/Coursework/Project-Zipline/emulation/work/../../rtl/common/include/cr_structs.sv"
Compiling included source file "/home/simonett/Documents/Coursework/Project-Zipline/emulation/work/../../rtl/common/include/cr_global_params.vh"
Compiling included source file "/home/simonett/Documents/Coursework/Project-Zipline/emulation/work/../../rtl/common/include/cr_native_types.svh"
Compiling included source file "/home/simonett/Documents/Coursework/Project-Zipline/emulation/work/../../rtl/common/include/cr_error_codes.svh"
Compiling source file "/home/simonett/Documents/Coursework/Project-Zipline/emulation/work/../../rtl/cr_kme/cr_kme_kop_kdf_stream_pipe.v"
Compiling included source file "/home/simonett/Documents/Coursework/Project-Zipline/emulation/work/../../rtl/cr_kme/cr_kme_body_param.v"
Compiling included source file "/home/simonett/Documents/Coursework/Project-Zipline/emulation/work/../../rtl/cr_kme/cr_kme_functions.v"
Compiling included source file "/home/simonett/Documents/Coursework/Project-Zipline/emulation/work/../../rtl/cr_kme/cr_kme_structs.v"
Compiling included source file "/home/simonett/Documents/Coursework/Project-Zipline/emulation/work/../../rtl/common/include/cr_structs.sv"
Compiling included source file "/home/simonett/Documents/Coursework/Project-Zipline/emulation/work/../../rtl/common/include/cr_global_params.vh"
Compiling included source file "/home/simonett/Documents/Coursework/Project-Zipline/emulation/work/../../rtl/common/include/cr_native_types.svh"
Compiling included source file "/home/simonett/Documents/Coursework/Project-Zipline/emulation/work/../../rtl/common/include/cr_error_codes.svh"
Compiling source file "/home/simonett/Documents/Coursework/Project-Zipline/emulation/work/../../rtl/cr_kme/cr_kme_kop_keybuilder.v"
Compiling included source file "/home/simonett/Documents/Coursework/Project-Zipline/emulation/work/../../rtl/cr_kme/cr_kme_body_param.v"
Compiling included source file "/home/simonett/Documents/Coursework/Project-Zipline/emulation/work/../../rtl/cr_kme/cr_kme_functions.v"
Compiling included source file "/home/simonett/Documents/Coursework/Project-Zipline/emulation/work/../../rtl/cr_kme/cr_kme_structs.v"
Compiling included source file "/home/simonett/Documents/Coursework/Project-Zipline/emulation/work/../../rtl/common/include/cr_structs.sv"
Compiling included source file "/home/simonett/Documents/Coursework/Project-Zipline/emulation/work/../../rtl/common/include/cr_global_params.vh"
Compiling included source file "/home/simonett/Documents/Coursework/Project-Zipline/emulation/work/../../rtl/common/include/cr_native_types.svh"
Compiling included source file "/home/simonett/Documents/Coursework/Project-Zipline/emulation/work/../../rtl/common/include/cr_error_codes.svh"
Compiling source file "/home/simonett/Documents/Coursework/Project-Zipline/emulation/work/../../rtl/cr_kme/cr_kme_drng.v"
Compiling included source file "/home/simonett/Documents/Coursework/Project-Zipline/emulation/work/../../rtl/cr_kme/cr_kme_body_param.v"
Compiling included source file "/home/simonett/Documents/Coursework/Project-Zipline/emulation/work/../../rtl/cr_kme/cr_kme_functions.v"
Compiling included source file "/home/simonett/Documents/Coursework/Project-Zipline/emulation/work/../../rtl/cr_kme/cr_kme_structs.v"
Compiling included source file "/home/simonett/Documents/Coursework/Project-Zipline/emulation/work/../../rtl/common/include/cr_structs.sv"
Compiling included source file "/home/simonett/Documents/Coursework/Project-Zipline/emulation/work/../../rtl/common/include/cr_global_params.vh"
Compiling included source file "/home/simonett/Documents/Coursework/Project-Zipline/emulation/work/../../rtl/common/include/cr_native_types.svh"
Compiling included source file "/home/simonett/Documents/Coursework/Project-Zipline/emulation/work/../../rtl/common/include/cr_error_codes.svh"
Compiling source file "/home/simonett/Documents/Coursework/Project-Zipline/emulation/work/../../rtl/cr_kme/cr_kme_aes_256_drng.v"
Compiling source file "/home/simonett/Documents/Coursework/Project-Zipline/emulation/work/../../rtl/common/cr_tlvp/cr_axi4s_mstr.v"
Compiling included source file "/home/simonett/Documents/Coursework/Project-Zipline/emulation/work/../../rtl/common/axi/axi_reg_slice_defs.vh"
Compiling included source file "/home/simonett/Documents/Coursework/Project-Zipline/emulation/work/../../rtl/common/include/cr_structs.sv"
Compiling included source file "/home/simonett/Documents/Coursework/Project-Zipline/emulation/work/../../rtl/common/include/cr_global_params.vh"
Compiling included source file "/home/simonett/Documents/Coursework/Project-Zipline/emulation/work/../../rtl/common/include/cr_native_types.svh"
Compiling included source file "/home/simonett/Documents/Coursework/Project-Zipline/emulation/work/../../rtl/common/include/cr_error_codes.svh"
Compiling source file "/home/simonett/Documents/Coursework/Project-Zipline/emulation/work/../../rtl/common/cr_tlvp/cr_axi4s2_slv.v"
Compiling included source file "/home/simonett/Documents/Coursework/Project-Zipline/emulation/work/../../rtl/common/include/cr_structs.sv"
Compiling included source file "/home/simonett/Documents/Coursework/Project-Zipline/emulation/work/../../rtl/common/include/cr_global_params.vh"
Compiling included source file "/home/simonett/Documents/Coursework/Project-Zipline/emulation/work/../../rtl/common/include/cr_native_types.svh"
Compiling included source file "/home/simonett/Documents/Coursework/Project-Zipline/emulation/work/../../rtl/common/include/cr_error_codes.svh"
Compiling source file "/home/simonett/Documents/Coursework/Project-Zipline/emulation/work/../../rtl/common/cr_tlvp/cr_tlvp2_rsm.v"
Compiling included source file "/home/simonett/Documents/Coursework/Project-Zipline/emulation/work/../../rtl/common/include/ccx_std.vh"
Compiling included source file "/home/simonett/Documents/Coursework/Project-Zipline/emulation/work/../../rtl/common/include/cr_structs.sv"
Compiling included source file "/home/simonett/Documents/Coursework/Project-Zipline/emulation/work/../../rtl/common/include/cr_global_params.vh"
Compiling included source file "/home/simonett/Documents/Coursework/Project-Zipline/emulation/work/../../rtl/common/include/cr_native_types.svh"
Compiling included source file "/home/simonett/Documents/Coursework/Project-Zipline/emulation/work/../../rtl/common/include/cr_error_codes.svh"
Compiling source file "/home/simonett/Documents/Coursework/Project-Zipline/emulation/work/../../rtl/common/cr_tlvp/cr_tlvp2_rsm_core.v"
Compiling included source file "/home/simonett/Documents/Coursework/Project-Zipline/emulation/work/../../rtl/common/include/ccx_std.vh"
Compiling included source file "/home/simonett/Documents/Coursework/Project-Zipline/emulation/work/../../rtl/common/include/cr_structs.sv"
Compiling included source file "/home/simonett/Documents/Coursework/Project-Zipline/emulation/work/../../rtl/common/include/cr_global_params.vh"
Compiling included source file "/home/simonett/Documents/Coursework/Project-Zipline/emulation/work/../../rtl/common/include/cr_native_types.svh"
Compiling included source file "/home/simonett/Documents/Coursework/Project-Zipline/emulation/work/../../rtl/common/include/cr_error_codes.svh"
Compiling source file "/home/simonett/Documents/Coursework/Project-Zipline/emulation/work/../../rtl/common/axi/axi_reg_slice_defs.vh"
Compiling source file "/home/simonett/Documents/Coursework/Project-Zipline/emulation/work/../../rtl/common/axi/axi_channel_reg_slice.v"
Compiling included source file "/home/simonett/Documents/Coursework/Project-Zipline/emulation/work/../../rtl/common/axi/axi_reg_slice_defs.vh"
Compiling source file "/home/simonett/Documents/Coursework/Project-Zipline/emulation/work/../../rtl/AesSecI/AesSecIStub.v"
Compiling source file "/home/simonett/Documents/Coursework/Project-Zipline/emulation/work/../../rtl/common/cr_crc/cr_crc.v"
Compiling included source file "/home/simonett/Documents/Coursework/Project-Zipline/emulation/work/../../rtl/common/include/ccx_std.vh"
Compiling source file "/home/simonett/Documents/Coursework/Project-Zipline/emulation/work/../../dv/agents/apb/apb_xactor.v"
Compiling source file "/home/simonett/Documents/Coursework/Project-Zipline/emulation/work/../../dv/KME/run/kme_tb.v"
Compiling included source file "/home/simonett/Documents/Coursework/Project-Zipline/emulation/work/../../rtl/common/include/cr_global_params.vh"
Compiling source file "/home/simonett/Documents/Coursework/Project-Zipline/emulation/work/../../dv/KME/run/hw_top.v"
Compiling source file "/home/simonett/Documents/Coursework/Project-Zipline/emulation/work/../../dv/KME/run/top.v"
Compiling included source file "/home/simonett/Documents/Coursework/Project-Zipline/emulation/work/../../rtl/common/include/cr_global_params.vh"
Compiling source file "clk.sv"
Scanning library directory (/home/simonett/Documents/Coursework/Project-Zipline/emulation/work/../../rtl/common)
Scanning library directory file (/home/simonett/Documents/Coursework/Project-Zipline/emulation/work/../../rtl/common/cr_rst_sync.v) with CU
Skipping cached library directory file (/home/simonett/Documents/Coursework/Project-Zipline/emulation/work/../../rtl/common/cr_rst_sync.v) with CU
Scanning library directory file (/home/simonett/Documents/Coursework/Project-Zipline/emulation/work/../../rtl/common/CR_TIE_CELL.v) with CU
Scanning library directory file (/home/simonett/Documents/Coursework/Project-Zipline/emulation/work/../../rtl/common/cr_dual_rank_synchronizer.v) with CU
Scanning library directory (/home/simonett/Documents/Coursework/Project-Zipline/emulation/work/../../rtl/common/nx_library)
Scanning library directory file (/home/simonett/Documents/Coursework/Project-Zipline/emulation/work/../../rtl/common/nx_library/nx_rbus_apb.v) with CU
Scanning library directory file (/home/simonett/Documents/Coursework/Project-Zipline/emulation/work/../../rtl/common/nx_library/nx_rbus_ring.v) with CU
Scanning library directory file (/home/simonett/Documents/Coursework/Project-Zipline/emulation/work/../../rtl/common/nx_library/nx_interface_monitor_pipe.v) with CU
Scanning included source file "/home/simonett/Documents/Coursework/Project-Zipline/emulation/work/../../rtl/common/include/cr_structs.sv"
Scanning included source file "/home/simonett/Documents/Coursework/Project-Zipline/emulation/work/../../rtl/common/include/cr_global_params.vh"
Scanning included source file "/home/simonett/Documents/Coursework/Project-Zipline/emulation/work/../../rtl/common/include/cr_native_types.svh"
Scanning included source file "/home/simonett/Documents/Coursework/Project-Zipline/emulation/work/../../rtl/common/include/cr_error_codes.svh"
Scanning library directory file (/home/simonett/Documents/Coursework/Project-Zipline/emulation/work/../../rtl/common/nx_library/nx_interface_monitor.v) with CU
Scanning included source file "/home/simonett/Documents/Coursework/Project-Zipline/emulation/work/../../rtl/common/include/ccx_std.vh"
Scanning included source file "/home/simonett/Documents/Coursework/Project-Zipline/emulation/work/../../rtl/common/include/messages.vh"
Scanning included source file "/home/simonett/Documents/Coursework/Project-Zipline/emulation/work/../../rtl/common/include/messages_v2.vh"
Scanning included source file "/home/simonett/Documents/Coursework/Project-Zipline/emulation/work/../../rtl/common/include/nx_mem_typePKG.svp"
Scanning included source file "/home/simonett/Documents/Coursework/Project-Zipline/emulation/work/../../rtl/common/include/cr_structs.sv"
Scanning included source file "/home/simonett/Documents/Coursework/Project-Zipline/emulation/work/../../rtl/common/include/cr_global_params.vh"
Scanning included source file "/home/simonett/Documents/Coursework/Project-Zipline/emulation/work/../../rtl/common/include/cr_native_types.svh"
Scanning included source file "/home/simonett/Documents/Coursework/Project-Zipline/emulation/work/../../rtl/common/include/cr_error_codes.svh"
Scanning library directory file (/home/simonett/Documents/Coursework/Project-Zipline/emulation/work/../../rtl/common/nx_library/nx_interface_monitor.v) with CU
Scanning included source file "/home/simonett/Documents/Coursework/Project-Zipline/emulation/work/../../rtl/common/include/ccx_std.vh"
Scanning included source file "/home/simonett/Documents/Coursework/Project-Zipline/emulation/work/../../rtl/common/include/messages.vh"
Scanning included source file "/home/simonett/Documents/Coursework/Project-Zipline/emulation/work/../../rtl/common/include/messages_v2.vh"
Scanning included source file "/home/simonett/Documents/Coursework/Project-Zipline/emulation/work/../../rtl/common/include/nx_mem_typePKG.svp"
Scanning included source file "/home/simonett/Documents/Coursework/Project-Zipline/emulation/work/../../rtl/common/include/cr_structs.sv"
Scanning included source file "/home/simonett/Documents/Coursework/Project-Zipline/emulation/work/../../rtl/common/include/cr_global_params.vh"
Scanning included source file "/home/simonett/Documents/Coursework/Project-Zipline/emulation/work/../../rtl/common/include/cr_native_types.svh"
Scanning included source file "/home/simonett/Documents/Coursework/Project-Zipline/emulation/work/../../rtl/common/include/cr_error_codes.svh"
Scanning library directory file (/home/simonett/Documents/Coursework/Project-Zipline/emulation/work/../../rtl/common/nx_library/nx_ram_1rw_indirect_access.v) with CU
Scanning included source file "/home/simonett/Documents/Coursework/Project-Zipline/emulation/work/../../rtl/common/include/ccx_std.vh"
Scanning included source file "/home/simonett/Documents/Coursework/Project-Zipline/emulation/work/../../rtl/common/include/messages.vh"
Scanning included source file "/home/simonett/Documents/Coursework/Project-Zipline/emulation/work/../../rtl/common/include/messages_v2.vh"
Scanning included source file "/home/simonett/Documents/Coursework/Project-Zipline/emulation/work/../../rtl/common/include/nx_mem_typePKG_v2.svp"
Scanning library directory file (/home/simonett/Documents/Coursework/Project-Zipline/emulation/work/../../rtl/common/nx_library/nx_ram_1rw_indirect_access.v) with CU
Scanning included source file "/home/simonett/Documents/Coursework/Project-Zipline/emulation/work/../../rtl/common/include/ccx_std.vh"
Scanning included source file "/home/simonett/Documents/Coursework/Project-Zipline/emulation/work/../../rtl/common/include/messages.vh"
Scanning included source file "/home/simonett/Documents/Coursework/Project-Zipline/emulation/work/../../rtl/common/include/messages_v2.vh"
Scanning included source file "/home/simonett/Documents/Coursework/Project-Zipline/emulation/work/../../rtl/common/include/nx_mem_typePKG_v2.svp"
Scanning library directory file (/home/simonett/Documents/Coursework/Project-Zipline/emulation/work/../../rtl/common/nx_library/nx_roreg_indirect_access.v) with CU
Scanning included source file "/home/simonett/Documents/Coursework/Project-Zipline/emulation/work/../../rtl/common/include/messages.vh"
Scanning included source file "/home/simonett/Documents/Coursework/Project-Zipline/emulation/work/../../rtl/common/include/messages_v2.vh"
Scanning included source file "/home/simonett/Documents/Coursework/Project-Zipline/emulation/work/../../rtl/common/include/nx_mem_typePKG.svp"
Scanning included source file "/home/simonett/Documents/Coursework/Project-Zipline/emulation/work/../../rtl/common/include/ccx_std.vh"
Scanning library directory file (/home/simonett/Documents/Coursework/Project-Zipline/emulation/work/../../rtl/common/nx_library/nx_roreg_indirect_access.v) with CU
Scanning included source file "/home/simonett/Documents/Coursework/Project-Zipline/emulation/work/../../rtl/common/include/messages.vh"
Scanning included source file "/home/simonett/Documents/Coursework/Project-Zipline/emulation/work/../../rtl/common/include/messages_v2.vh"
Scanning included source file "/home/simonett/Documents/Coursework/Project-Zipline/emulation/work/../../rtl/common/include/nx_mem_typePKG.svp"
Scanning included source file "/home/simonett/Documents/Coursework/Project-Zipline/emulation/work/../../rtl/common/include/ccx_std.vh"
Scanning library directory file (/home/simonett/Documents/Coursework/Project-Zipline/emulation/work/../../rtl/common/nx_library/nx_reg_indirect_access.v) with CU
Scanning included source file "/home/simonett/Documents/Coursework/Project-Zipline/emulation/work/../../rtl/common/include/messages.vh"
Scanning included source file "/home/simonett/Documents/Coursework/Project-Zipline/emulation/work/../../rtl/common/include/messages_v2.vh"
Scanning included source file "/home/simonett/Documents/Coursework/Project-Zipline/emulation/work/../../rtl/common/include/nx_mem_typePKG.svp"
Scanning library directory file (/home/simonett/Documents/Coursework/Project-Zipline/emulation/work/../../rtl/common/nx_library/nx_reg_indirect_access.v) with CU
Scanning included source file "/home/simonett/Documents/Coursework/Project-Zipline/emulation/work/../../rtl/common/include/messages.vh"
Scanning included source file "/home/simonett/Documents/Coursework/Project-Zipline/emulation/work/../../rtl/common/include/messages_v2.vh"
Scanning included source file "/home/simonett/Documents/Coursework/Project-Zipline/emulation/work/../../rtl/common/include/nx_mem_typePKG.svp"
Scanning library directory file (/home/simonett/Documents/Coursework/Project-Zipline/emulation/work/../../rtl/common/nx_library/nx_fifo.v) with CU
Scanning included source file "/home/simonett/Documents/Coursework/Project-Zipline/emulation/work/../../rtl/common/include/ccx_std.vh"
Scanning included source file "/home/simonett/Documents/Coursework/Project-Zipline/emulation/work/../../rtl/common/include/messages.vh"
Scanning included source file "/home/simonett/Documents/Coursework/Project-Zipline/emulation/work/../../rtl/common/include/messages_v2.vh"
Scanning library directory file (/home/simonett/Documents/Coursework/Project-Zipline/emulation/work/../../rtl/common/nx_library/nx_fifo.v) with CU
Scanning included source file "/home/simonett/Documents/Coursework/Project-Zipline/emulation/work/../../rtl/common/include/ccx_std.vh"
Scanning included source file "/home/simonett/Documents/Coursework/Project-Zipline/emulation/work/../../rtl/common/include/messages.vh"
Scanning included source file "/home/simonett/Documents/Coursework/Project-Zipline/emulation/work/../../rtl/common/include/messages_v2.vh"
Scanning library directory file (/home/simonett/Documents/Coursework/Project-Zipline/emulation/work/../../rtl/common/nx_library/sync_fifo.v) with CU
Scanning library directory file (/home/simonett/Documents/Coursework/Project-Zipline/emulation/work/../../rtl/common/nx_library/nx_credit_manager.v) with CU
Scanning included source file "/home/simonett/Documents/Coursework/Project-Zipline/emulation/work/../../rtl/common/include/messages.vh"
Scanning included source file "/home/simonett/Documents/Coursework/Project-Zipline/emulation/work/../../rtl/common/include/messages_v2.vh"
Scanning library directory file (/home/simonett/Documents/Coursework/Project-Zipline/emulation/work/../../rtl/common/nx_library/nx_ram_1rw.v) with CU
Scanning included source file "/home/simonett/Documents/Coursework/Project-Zipline/emulation/work/../../rtl/common/include/ccx_std.vh"
Scanning included source file "/home/simonett/Documents/Coursework/Project-Zipline/emulation/work/../../rtl/common/include/messages.vh"
Scanning included source file "/home/simonett/Documents/Coursework/Project-Zipline/emulation/work/../../rtl/common/include/messages_v2.vh"
Scanning library directory file (/home/simonett/Documents/Coursework/Project-Zipline/emulation/work/../../rtl/common/nx_library/nx_indirect_access_cntrl.v) with CU
Scanning included source file "/home/simonett/Documents/Coursework/Project-Zipline/emulation/work/../../rtl/common/include/ccx_std.vh"
Scanning included source file "/home/simonett/Documents/Coursework/Project-Zipline/emulation/work/../../rtl/common/include/messages.vh"
Scanning included source file "/home/simonett/Documents/Coursework/Project-Zipline/emulation/work/../../rtl/common/include/messages_v2.vh"
Scanning included source file "/home/simonett/Documents/Coursework/Project-Zipline/emulation/work/../../rtl/common/include/nx_mem_typePKG.svp"
Scanning library directory file (/home/simonett/Documents/Coursework/Project-Zipline/emulation/work/../../rtl/common/nx_library/nx_indirect_access_cntrl_v2.v) with CU
Scanning included source file "/home/simonett/Documents/Coursework/Project-Zipline/emulation/work/../../rtl/common/include/ccx_std.vh"
Scanning included source file "/home/simonett/Documents/Coursework/Project-Zipline/emulation/work/../../rtl/common/include/messages.vh"
Scanning included source file "/home/simonett/Documents/Coursework/Project-Zipline/emulation/work/../../rtl/common/include/messages_v2.vh"
Scanning included source file "/home/simonett/Documents/Coursework/Project-Zipline/emulation/work/../../rtl/common/include/nx_mem_typePKG_v2.svp"
Scanning library directory file (/home/simonett/Documents/Coursework/Project-Zipline/emulation/work/../../rtl/common/nx_library/nx_fifo_ctrl.v) with CU
Scanning included source file "/home/simonett/Documents/Coursework/Project-Zipline/emulation/work/../../rtl/common/include/messages.vh"
Scanning included source file "/home/simonett/Documents/Coursework/Project-Zipline/emulation/work/../../rtl/common/include/messages_v2.vh"
Scanning included source file "/home/simonett/Documents/Coursework/Project-Zipline/emulation/work/../../rtl/common/include/ccx_std.vh"
Scanning library directory (/home/simonett/Documents/Coursework/Project-Zipline/emulation/work/../../rtl/common/fifo)
Scanning library directory file (/home/simonett/Documents/Coursework/Project-Zipline/emulation/work/../../rtl/common/fifo/cr_fifo_wrap2.v) with CU
Scanning included source file "/home/simonett/Documents/Coursework/Project-Zipline/emulation/work/../../rtl/common/include/ccx_std.vh"
Scanning included source file "/home/simonett/Documents/Coursework/Project-Zipline/emulation/work/../../rtl/common/include/cr_structs.sv"
Scanning included source file "/home/simonett/Documents/Coursework/Project-Zipline/emulation/work/../../rtl/common/include/cr_global_params.vh"
Scanning included source file "/home/simonett/Documents/Coursework/Project-Zipline/emulation/work/../../rtl/common/include/cr_native_types.svh"
Scanning included source file "/home/simonett/Documents/Coursework/Project-Zipline/emulation/work/../../rtl/common/include/cr_error_codes.svh"
Scanning library directory file (/home/simonett/Documents/Coursework/Project-Zipline/emulation/work/../../rtl/common/fifo/cr_fifo_wrap2.v) with CU
Scanning included source file "/home/simonett/Documents/Coursework/Project-Zipline/emulation/work/../../rtl/common/include/ccx_std.vh"
Scanning included source file "/home/simonett/Documents/Coursework/Project-Zipline/emulation/work/../../rtl/common/include/cr_structs.sv"
Scanning included source file "/home/simonett/Documents/Coursework/Project-Zipline/emulation/work/../../rtl/common/include/cr_global_params.vh"
Scanning included source file "/home/simonett/Documents/Coursework/Project-Zipline/emulation/work/../../rtl/common/include/cr_native_types.svh"
Scanning included source file "/home/simonett/Documents/Coursework/Project-Zipline/emulation/work/../../rtl/common/include/cr_error_codes.svh"
Scanning library directory (/home/simonett/Documents/Coursework/Project-Zipline/emulation/work/../../rtl/mem_wrappers/bimc_master/top)
Scanning library directory file (/home/simonett/Documents/Coursework/Project-Zipline/emulation/work/../../rtl/mem_wrappers/bimc_master/top/bimc_master.v) with CU
Scanning included source file "/home/simonett/Documents/Coursework/Project-Zipline/emulation/work/../../rtl/mem_wrappers/bimc_master/top/bimc_master.vh"
Scanning library file (/home/simonett/Documents/Coursework/Project-Zipline/emulation/work/../../rtl/common/fifo/cr_fifo_wrap1.v) with CU
Scanning included source file "/home/simonett/Documents/Coursework/Project-Zipline/emulation/work/../../rtl/common/include/ccx_std.vh"
Scanning included source file "/home/simonett/Documents/Coursework/Project-Zipline/emulation/work/../../rtl/common/include/cr_structs.sv"
Scanning included source file "/home/simonett/Documents/Coursework/Project-Zipline/emulation/work/../../rtl/common/include/cr_global_params.vh"
Scanning included source file "/home/simonett/Documents/Coursework/Project-Zipline/emulation/work/../../rtl/common/include/cr_native_types.svh"
Scanning included source file "/home/simonett/Documents/Coursework/Project-Zipline/emulation/work/../../rtl/common/include/cr_error_codes.svh"
Scanning library file (/home/simonett/Documents/Coursework/Project-Zipline/emulation/work/../../rtl/common/fifo/cr_fifo_wrap2.v) with CU
Scanning included source file "/home/simonett/Documents/Coursework/Project-Zipline/emulation/work/../../rtl/common/include/ccx_std.vh"
Scanning included source file "/home/simonett/Documents/Coursework/Project-Zipline/emulation/work/../../rtl/common/include/cr_structs.sv"
Scanning included source file "/home/simonett/Documents/Coursework/Project-Zipline/emulation/work/../../rtl/common/include/cr_global_params.vh"
Scanning included source file "/home/simonett/Documents/Coursework/Project-Zipline/emulation/work/../../rtl/common/include/cr_native_types.svh"
Scanning included source file "/home/simonett/Documents/Coursework/Project-Zipline/emulation/work/../../rtl/common/include/cr_error_codes.svh"
Scanning library directory (/home/simonett/Documents/Coursework/Project-Zipline/emulation/work/../../rtl/common)
Scanning library directory (/home/simonett/Documents/Coursework/Project-Zipline/emulation/work/../../rtl/common/nx_library)
Scanning library directory file (/home/simonett/Documents/Coursework/Project-Zipline/emulation/work/../../rtl/common/nx_library/nx_fifo_ram_1r1w.v) with CU
Scanning included source file "/home/simonett/Documents/Coursework/Project-Zipline/emulation/work/../../rtl/common/include/ccx_std.vh"
Scanning included source file "/home/simonett/Documents/Coursework/Project-Zipline/emulation/work/../../rtl/common/include/messages.vh"
Scanning included source file "/home/simonett/Documents/Coursework/Project-Zipline/emulation/work/../../rtl/common/include/messages_v2.vh"
Scanning library directory file (/home/simonett/Documents/Coursework/Project-Zipline/emulation/work/../../rtl/common/nx_library/nx_fifo_ram_1r1w.v) with CU
Scanning included source file "/home/simonett/Documents/Coursework/Project-Zipline/emulation/work/../../rtl/common/include/ccx_std.vh"
Scanning included source file "/home/simonett/Documents/Coursework/Project-Zipline/emulation/work/../../rtl/common/include/messages.vh"
Scanning included source file "/home/simonett/Documents/Coursework/Project-Zipline/emulation/work/../../rtl/common/include/messages_v2.vh"
Scanning library directory file (/home/simonett/Documents/Coursework/Project-Zipline/emulation/work/../../rtl/common/nx_library/nx_ram_1r1w.v) with CU
Scanning included source file "/home/simonett/Documents/Coursework/Project-Zipline/emulation/work/../../rtl/common/include/ccx_std.vh"
Scanning included source file "/home/simonett/Documents/Coursework/Project-Zipline/emulation/work/../../rtl/common/include/messages.vh"
Scanning included source file "/home/simonett/Documents/Coursework/Project-Zipline/emulation/work/../../rtl/common/include/messages_v2.vh"
Scanning library directory file (/home/simonett/Documents/Coursework/Project-Zipline/emulation/work/../../rtl/common/nx_library/nx_fifo_ctrl_ram_1r1w.v) with CU
Scanning included source file "/home/simonett/Documents/Coursework/Project-Zipline/emulation/work/../../rtl/common/include/messages.vh"
Scanning included source file "/home/simonett/Documents/Coursework/Project-Zipline/emulation/work/../../rtl/common/include/messages_v2.vh"
Scanning included source file "/home/simonett/Documents/Coursework/Project-Zipline/emulation/work/../../rtl/common/include/ccx_std.vh"
Scanning library directory (/home/simonett/Documents/Coursework/Project-Zipline/emulation/work/../../rtl/common/fifo)
Scanning library directory (/home/simonett/Documents/Coursework/Project-Zipline/emulation/work/../../rtl/mem_wrappers/bimc_master/top)
Scanning library file (/home/simonett/Documents/Coursework/Project-Zipline/emulation/work/../../rtl/common/fifo/cr_fifo_wrap1.v) with CU
Scanning included source file "/home/simonett/Documents/Coursework/Project-Zipline/emulation/work/../../rtl/common/include/ccx_std.vh"
Scanning included source file "/home/simonett/Documents/Coursework/Project-Zipline/emulation/work/../../rtl/common/include/cr_structs.sv"
Scanning included source file "/home/simonett/Documents/Coursework/Project-Zipline/emulation/work/../../rtl/common/include/cr_global_params.vh"
Scanning included source file "/home/simonett/Documents/Coursework/Project-Zipline/emulation/work/../../rtl/common/include/cr_native_types.svh"
Scanning included source file "/home/simonett/Documents/Coursework/Project-Zipline/emulation/work/../../rtl/common/include/cr_error_codes.svh"
Scanning library file (/home/simonett/Documents/Coursework/Project-Zipline/emulation/work/../../rtl/common/fifo/cr_fifo_wrap2.v) with CU
Scanning included source file "/home/simonett/Documents/Coursework/Project-Zipline/emulation/work/../../rtl/common/include/ccx_std.vh"
Scanning included source file "/home/simonett/Documents/Coursework/Project-Zipline/emulation/work/../../rtl/common/include/cr_structs.sv"
Scanning included source file "/home/simonett/Documents/Coursework/Project-Zipline/emulation/work/../../rtl/common/include/cr_global_params.vh"
Scanning included source file "/home/simonett/Documents/Coursework/Project-Zipline/emulation/work/../../rtl/common/include/cr_native_types.svh"
Scanning included source file "/home/simonett/Documents/Coursework/Project-Zipline/emulation/work/../../rtl/common/include/cr_error_codes.svh"
Scanning library directory (/home/simonett/Documents/Coursework/Project-Zipline/emulation/work/../../rtl/common)
Scanning library directory (/home/simonett/Documents/Coursework/Project-Zipline/emulation/work/../../rtl/common/nx_library)
Scanning library directory (/home/simonett/Documents/Coursework/Project-Zipline/emulation/work/../../rtl/common/fifo)
Scanning library directory (/home/simonett/Documents/Coursework/Project-Zipline/emulation/work/../../rtl/mem_wrappers/bimc_master/top)
Scanning library file (/home/simonett/Documents/Coursework/Project-Zipline/emulation/work/../../rtl/common/fifo/cr_fifo_wrap1.v) with CU
Scanning included source file "/home/simonett/Documents/Coursework/Project-Zipline/emulation/work/../../rtl/common/include/ccx_std.vh"
Scanning included source file "/home/simonett/Documents/Coursework/Project-Zipline/emulation/work/../../rtl/common/include/cr_structs.sv"
Scanning included source file "/home/simonett/Documents/Coursework/Project-Zipline/emulation/work/../../rtl/common/include/cr_global_params.vh"
Scanning included source file "/home/simonett/Documents/Coursework/Project-Zipline/emulation/work/../../rtl/common/include/cr_native_types.svh"
Scanning included source file "/home/simonett/Documents/Coursework/Project-Zipline/emulation/work/../../rtl/common/include/cr_error_codes.svh"
Scanning library file (/home/simonett/Documents/Coursework/Project-Zipline/emulation/work/../../rtl/common/fifo/cr_fifo_wrap2.v) with CU
Scanning included source file "/home/simonett/Documents/Coursework/Project-Zipline/emulation/work/../../rtl/common/include/ccx_std.vh"
Scanning included source file "/home/simonett/Documents/Coursework/Project-Zipline/emulation/work/../../rtl/common/include/cr_structs.sv"
Scanning included source file "/home/simonett/Documents/Coursework/Project-Zipline/emulation/work/../../rtl/common/include/cr_global_params.vh"
Scanning included source file "/home/simonett/Documents/Coursework/Project-Zipline/emulation/work/../../rtl/common/include/cr_native_types.svh"
Scanning included source file "/home/simonett/Documents/Coursework/Project-Zipline/emulation/work/../../rtl/common/include/cr_error_codes.svh"
Total number of passes through the libraries 3
	Errors : 0 Warnings : 0 Info : 0

 // Log end : Thu Aug 15 10:32:17 2024

[PROFILER_START]
**************************************************************************************************************************
        Profile                      Calls  CPU Time  Elapsed Time  Memory Used  Peak Virtual Memory  Peak Resident Memory
        Category                            (in sec)   (in sec)       (in MB)          (in MB)                (in MB)
**************************************************************************************************************************
Design Analysis                         1      0.68      1.44          477.55           610.63                 27.10
   Scan and Parse                       1      0.68      1.41          477.55           610.63                 26.97
      Register package/CU               1     -0.00      0.01          473.12           610.63                 26.97
         Handle CU dependencies         1     -0.00      0.00          473.12           610.63                 26.97
**************************************************************************************************************************
[PROFILER_END]

	vlan: cpu time = 0.69 sec, elapsed time = 2 sec
	  peak virtual memory size = 610.63M bytes, peak resident memory size = 27.13M bytes
	  heap memory size = 494.35M bytes
