Log started on host: hsv-sc21 pid: 116812 at: Wed Aug 14 15:56:09 2024

libxcrt IXCOM, V23.03.131.s001             (compiled with XCELIUM-22.09-s001, loaded with  XCELIUM-23.03-s001)

INFO: target platform:Z2, execution platform:Z2
--- xc status: @ simTime=0 FS, IN SOFTWARE MODE going to be IN RUN MODE, xt0, zt0.
--- xc status: @ simTime=0 FS, IN RUN MODE, xt0, zt0.
--- xc status: @ simTime=372405 NS (End-Of-Simulation), IN RUN MODE, xt0, zt0.

=========================================================================
IXCOM Performance and Design Profile
-------------------------------------------------------------------------
--- Maximum HW operating speed (compiler fclk freq): 3246.00 KHz
--- HW executed total fclk cycles  (     5971359 ) : time = 1.84 sec, (cfclks/fclks: 4.23%)
--- Clocking Mode: Default (2X).

--- HW execution command line session time: 2.02 sec (1.76 CPU sec)

--- HW execution wall clock time          : 1.87 sec (1.75 CPU sec)
--- HW execution emulator busy time       : 0.08 sec (4.17%)

--- Simulation acceleration speed achieved: 39.87 KHz (39874.89 evals/sec)

--- HW executed
    --     252789 ECM controlled fclk cycles      @ 135.34 KHz (135335.65 cfclks/sec)
    --      74481 Eval (or sim-timestep) cycles   @ 39.87 KHz (39874.89 evals/sec)

       --       9781 Extended-eval cycles         : 0.00 sec (0.16% total)

--- Total number of HW-SW Synchronizations(tbSyncs) : 84262 (0.88 evals/tbSync)
    |-- Synchronizations due to tbcalls(tbcallSyncs): 0


--- xc Profile: (%)
	    82.52      HW-EMU-RUN (Elapsed: 1.54 sec)

	    11.36          SW-SIM (Elapsed: 0.21 sec)

	     6.12         XCRT-OH (Elapsed: 0.11 sec)


	--- HW-EMU     : HW evaluations and Synchronization Latency.
	--- SW-SIM     : TB and TBCall execution in sw simulator.
	--- XCRT-OH    : IXCOM runtime overhead.


--- Primary Inputs  (bits): INPUT(136) FORCE(0)DEPOSIT(2 :dut=2 + dpi=0 + ixcom=0).
--- Primary Outputs (bits): OUTPUT(185 :dut=119  dpi=65 + ixcom=1).
=========================================================================

=========================================================================
	Output event statistics: 83574 output events
-------------------------------------------------------------------------
     Count Name
-------------------------------------------------------------------------
     74480 top.hw_top.buff_clk    (PO Clock)
      6516 top.hw_top.kme_apb_pready
      2566 top.hw_top.kme_apb_prdata
         4 top.hw_top.kme_ob_tvalid
         3 top.hw_top.kme_ob_tdata
         3 top.hw_top.kme_ob_tuser
         1 top.hw_top.kme_ob_tstrb
         1 top.hw_top.kme_ob_tlast
=========================================================================


=========================================================================
	Input event statistics: 75495 Input events
-------------------------------------------------------------------------
     Count Name
-------------------------------------------------------------------------
      6517 top.hw_top.kme_apb_psel
      6517 top.hw_top.kme_apb_penable
      6237 top.hw_top.kme_apb_paddr(8)
      6205 top.hw_top.kme_apb_paddr(7)
      5795 top.hw_top.kme_apb_paddr(4)
      3941 top.hw_top.kme_apb_pwrite
      3831 top.hw_top.kme_apb_paddr(3)
      3331 top.hw_top.kme_apb_paddr(2)
      3023 top.hw_top.kme_apb_paddr(5)
      1851 top.hw_top.kme_apb_pwdata(29)
      1669 top.hw_top.kme_apb_pwdata(9)
      1559 top.hw_top.kme_apb_pwdata(3)
      1553 top.hw_top.kme_apb_pwdata(1)
      1449 top.hw_top.kme_apb_pwdata(2)
      1381 top.hw_top.kme_apb_pwdata(31)
      1365 top.hw_top.kme_apb_pwdata(10)
      1345 top.hw_top.kme_apb_pwdata(11)
      1305 top.hw_top.kme_apb_pwdata(4)
      1269 top.hw_top.kme_apb_pwdata(8)
      1235 top.hw_top.kme_apb_pwdata(7)
      1223 top.hw_top.kme_apb_pwdata(6)
      1127 top.hw_top.kme_apb_pwdata(28)
      1117 top.hw_top.kme_apb_pwdata(0)
      1099 top.hw_top.kme_apb_pwdata(5)
      1081 top.hw_top.kme_apb_pwdata(13)
       913 top.hw_top.kme_apb_pwdata(26)
       835 top.hw_top.kme_apb_pwdata(12)
       617 top.hw_top.kme_apb_pwdata(27)
       565 top.hw_top.kme_apb_pwdata(25)
       553 top.hw_top.kme_apb_pwdata(17)
       549 top.hw_top.kme_apb_pwdata(30)
       539 top.hw_top.kme_apb_pwdata(19)
       507 top.hw_top.kme_apb_pwdata(14)
       361 top.hw_top.kme_apb_pwdata(15)
       357 top.hw_top.kme_apb_pwdata(18)
       341 top.hw_top.kme_apb_pwdata(16)
       341 top.hw_top.kme_apb_pwdata(21)
       339 top.hw_top.kme_apb_pwdata(24)
       303 top.hw_top.kme_apb_pwdata(22)
       301 top.hw_top.kme_apb_pwdata(23)
       297 top.hw_top.kme_apb_paddr(6)
       283 top.hw_top.kme_apb_pwdata(20)
       217 top.hw_top.kme_apb_paddr(10)
       131 top.hw_top.kme_apb_paddr(9)
         5 top.hw_top.kme_ib_tuser(0)
         4 top.hw_top.kme_ib_tuser(1)
         3 top.hw_top.kme_ib_tdata(0)
         3 top.hw_top.kme_ib_tdata(2)
         3 top.hw_top.kme_ib_tdata(4)
         3 top.hw_top.kme_ib_tdata(60)
         3 top.hw_top.kme_ib_tdata(62)
         3 top.hw_top.kme_ib_tvalid
         3 top.hw_top.kme_ib_tlast
         2 top.hw_top.kme_ib_tstrb(0)
         2 top.hw_top.kme_ib_tstrb(1)
         2 top.hw_top.kme_ib_tstrb(2)
         2 top.hw_top.kme_ib_tstrb(3)
         2 top.hw_top.kme_ib_tstrb(4)
         2 top.hw_top.kme_ib_tstrb(5)
         2 top.hw_top.kme_ib_tstrb(6)
         2 top.hw_top.kme_ib_tstrb(7)
         1 top.hw_top.rst_n
         1 top.hw_top.kme_ib_tid
         1 top.hw_top.kme_ib_tdata(1)
         1 top.hw_top.kme_ib_tdata(3)
         1 top.hw_top.kme_ib_tdata(5)
         1 top.hw_top.kme_ib_tdata(6)
         1 top.hw_top.kme_ib_tdata(7)
         1 top.hw_top.kme_ib_tdata(8)
         1 top.hw_top.kme_ib_tdata(9)
         1 top.hw_top.kme_ib_tdata(10)
         1 top.hw_top.kme_ib_tdata(11)
         1 top.hw_top.kme_ib_tdata(12)
         1 top.hw_top.kme_ib_tdata(13)
         1 top.hw_top.kme_ib_tdata(14)
         1 top.hw_top.kme_ib_tdata(15)
         1 top.hw_top.kme_ib_tdata(16)
         1 top.hw_top.kme_ib_tdata(17)
         1 top.hw_top.kme_ib_tdata(18)
         1 top.hw_top.kme_ib_tdata(19)
         1 top.hw_top.kme_ib_tdata(20)
         1 top.hw_top.kme_ib_tdata(21)
         1 top.hw_top.kme_ib_tdata(22)
         1 top.hw_top.kme_ib_tdata(23)
         1 top.hw_top.kme_ib_tdata(24)
         1 top.hw_top.kme_ib_tdata(25)
         1 top.hw_top.kme_ib_tdata(26)
         1 top.hw_top.kme_ib_tdata(27)
         1 top.hw_top.kme_ib_tdata(28)
         1 top.hw_top.kme_ib_tdata(29)
         1 top.hw_top.kme_ib_tdata(30)
         1 top.hw_top.kme_ib_tdata(31)
         1 top.hw_top.kme_ib_tdata(32)
         1 top.hw_top.kme_ib_tdata(33)
         1 top.hw_top.kme_ib_tdata(34)
         1 top.hw_top.kme_ib_tdata(35)
         1 top.hw_top.kme_ib_tdata(36)
         1 top.hw_top.kme_ib_tdata(37)
         1 top.hw_top.kme_ib_tdata(38)
         1 top.hw_top.kme_ib_tdata(39)
         1 top.hw_top.kme_ib_tdata(40)
         1 top.hw_top.kme_ib_tdata(41)
         1 top.hw_top.kme_ib_tdata(42)
         1 top.hw_top.kme_ib_tdata(43)
         1 top.hw_top.kme_ib_tdata(44)
         1 top.hw_top.kme_ib_tdata(45)
         1 top.hw_top.kme_ib_tdata(46)
         1 top.hw_top.kme_ib_tdata(47)
         1 top.hw_top.kme_ib_tdata(48)
         1 top.hw_top.kme_ib_tdata(49)
         1 top.hw_top.kme_ib_tdata(50)
         1 top.hw_top.kme_ib_tdata(51)
         1 top.hw_top.kme_ib_tdata(52)
         1 top.hw_top.kme_ib_tdata(53)
         1 top.hw_top.kme_ib_tdata(54)
         1 top.hw_top.kme_ib_tdata(55)
         1 top.hw_top.kme_ib_tdata(56)
         1 top.hw_top.kme_ib_tdata(57)
         1 top.hw_top.kme_ib_tdata(58)
         1 top.hw_top.kme_ib_tdata(59)
         1 top.hw_top.kme_ib_tdata(61)
         1 top.hw_top.kme_ib_tdata(63)
         1 top.hw_top.kme_ib_tuser(2)
         1 top.hw_top.kme_ib_tuser(3)
         1 top.hw_top.kme_ib_tuser(4)
         1 top.hw_top.kme_ib_tuser(5)
         1 top.hw_top.kme_ib_tuser(6)
         1 top.hw_top.kme_ib_tuser(7)
         1 top.hw_top.kme_ob_tready
         1 top.hw_top.kme_apb_paddr(0)
         1 top.hw_top.kme_apb_paddr(1)
         1 top.hw_top.kme_apb_paddr(11)
         1 top.hw_top.kme_apb_paddr(12)
         1 top.hw_top.kme_apb_paddr(13)
         1 top.hw_top.kme_apb_paddr(14)
         1 top.hw_top.kme_apb_paddr(15)
=========================================================================


xcProfiler report generated on: Wed Aug 14 15:56:22 2024

=========================================================================

--- pollEmu PO usec: avg:15.37, max:6233.46, min:1.50 #polls:84263 (>1ms 1), tot:1.29s
======================================================
	get resource usage report
------------------------------------------------------
user time used: 1.76 sec
system time used: 0.07 sec
maximum resident set size: 564564 (472)
integral shared memory size: 0
integral unshared data size: 0
integral unshared stack size: 0
page reclaims: 299
page faults: 0
swaps: 0
block input operations: 32
block output operations: 48
messages sent: 0
messages received: 0
signals received: 0
voluntary context switches: 171
involuntary context switches: 315
======================================================

================= xcib statistics ====================
                   UART     BYPASS           
      thread      count      count   cpu time
--------------------------------------------------------
        main          0          0       2.29
--------------------------------------------------------

xcmempio = 0.

Log end: Wed Aug 14 15:56:22 2024

